<?xml version="1.0" encoding="UTF-8"?>
<!-- Generated by org.testng.reporters.JUnitXMLReporter -->
<testsuite hostname="SuryaPC" ignored="4" name="basic test" tests="2" failures="0" timestamp="01 Mar 2019 10:24:55 GMT" time="17.819" errors="0">
  <testcase name="loginTest" time="3.1" classname="in.srssprojects.keximbank.TestExecution"/>
  <testcase name="roleCreationReset" time="2.754" classname="in.srssprojects.keximbank.TestExecution"/>
  <testcase name="createRoleWithDuplicateData" time="0.0" classname="in.srssprojects.keximbank.TestExecution">
    <ignored/>
  </testcase> <!-- createRoleWithDuplicateData -->
  <testcase name="roleCreationCancel" time="0.0" classname="in.srssprojects.keximbank.TestExecution">
    <ignored/>
  </testcase> <!-- roleCreationCancel -->
  <testcase name="createRole" time="0.0" classname="in.srssprojects.keximbank.TestExecution">
    <ignored/>
  </testcase> <!-- createRole -->
  <testcase name="createRoleWithBlankData" time="0.0" classname="in.srssprojects.keximbank.TestExecution">
    <ignored/>
  </testcase> <!-- createRoleWithBlankData -->
</testsuite> <!-- basic test -->
