<?xml version="1.0" encoding="UTF-8"?>
<!-- Generated by org.testng.reporters.JUnitXMLReporter -->
<testsuite hostname="SuryaPC" ignored="15" name="basic test" tests="8" failures="7" timestamp="07 Mar 2019 10:24:03 GMT" time="27.224" errors="0">
  <testcase name="loginTest" time="3.88" classname="in.srssprojects.keximbank.TestExecution"/>
  <testcase name="branchCreationDDWithoutDP" time="4.38" classname="in.srssprojects.keximbank.TestExecution">
    <failure type="java.lang.AssertionError" message="expected [true] but found [false]">
      <![CDATA[java.lang.AssertionError: expected [true] but found [false]
at in.srssprojects.keximbank.TestExecution.branchCreationDDWithoutDP(TestExecution.java:272)
... Removed 29 stack frames]]>
    </failure>
  </testcase> <!-- branchCreationDDWithoutDP -->
  <testcase name="roleCreationWithDDusingDP" time="2.163" classname="in.srssprojects.keximbank.TestExecution">
    <failure type="java.lang.AssertionError" message="expected [true] but found [false]">
      <![CDATA[java.lang.AssertionError: expected [true] but found [false]
at in.srssprojects.keximbank.TestExecution.roleCreationWithDDusingDP(TestExecution.java:288)
... Removed 29 stack frames]]>
    </failure>
  </testcase> <!-- roleCreationWithDDusingDP -->
  <testcase name="roleCreationWithDDusingDP" time="2.06" classname="in.srssprojects.keximbank.TestExecution">
    <failure type="java.lang.AssertionError" message="expected [true] but found [false]">
      <![CDATA[java.lang.AssertionError: expected [true] but found [false]
at in.srssprojects.keximbank.TestExecution.roleCreationWithDDusingDP(TestExecution.java:288)
... Removed 29 stack frames]]>
    </failure>
  </testcase> <!-- roleCreationWithDDusingDP -->
  <testcase name="roleCreationWithDDusingDP" time="1.597" classname="in.srssprojects.keximbank.TestExecution">
    <failure type="java.lang.AssertionError" message="expected [true] but found [false]">
      <![CDATA[java.lang.AssertionError: expected [true] but found [false]
at in.srssprojects.keximbank.TestExecution.roleCreationWithDDusingDP(TestExecution.java:288)
... Removed 29 stack frames]]>
    </failure>
  </testcase> <!-- roleCreationWithDDusingDP -->
  <testcase name="roleCreationWithDDusingDP" time="1.608" classname="in.srssprojects.keximbank.TestExecution">
    <failure type="java.lang.AssertionError" message="expected [true] but found [false]">
      <![CDATA[java.lang.AssertionError: expected [true] but found [false]
at in.srssprojects.keximbank.TestExecution.roleCreationWithDDusingDP(TestExecution.java:288)
... Removed 29 stack frames]]>
    </failure>
  </testcase> <!-- roleCreationWithDDusingDP -->
  <testcase name="roleCreationWithDDusingDP" time="1.585" classname="in.srssprojects.keximbank.TestExecution">
    <failure type="java.lang.AssertionError" message="expected [true] but found [false]">
      <![CDATA[java.lang.AssertionError: expected [true] but found [false]
at in.srssprojects.keximbank.TestExecution.roleCreationWithDDusingDP(TestExecution.java:288)
... Removed 29 stack frames]]>
    </failure>
  </testcase> <!-- roleCreationWithDDusingDP -->
  <testcase name="roleCreationWithDDusingDP" time="1.644" classname="in.srssprojects.keximbank.TestExecution">
    <failure type="java.lang.AssertionError" message="expected [true] but found [false]">
      <![CDATA[java.lang.AssertionError: expected [true] but found [false]
at in.srssprojects.keximbank.TestExecution.roleCreationWithDDusingDP(TestExecution.java:288)
... Removed 29 stack frames]]>
    </failure>
  </testcase> <!-- roleCreationWithDDusingDP -->
  <testcase name="branchCreationValidData" time="0.0" classname="in.srssprojects.keximbank.TestExecution">
    <ignored/>
  </testcase> <!-- branchCreationValidData -->
  <testcase name="creationCancel" time="0.0" classname="in.srssprojects.keximbank.TestExecution">
    <ignored/>
  </testcase> <!-- creationCancel -->
  <testcase name="employeeResetData" time="0.0" classname="in.srssprojects.keximbank.TestExecution">
    <ignored/>
  </testcase> <!-- employeeResetData -->
  <testcase name="branchCreationDuplicateData" time="0.0" classname="in.srssprojects.keximbank.TestExecution">
    <ignored/>
  </testcase> <!-- branchCreationDuplicateData -->
  <testcase name="roleCreationReset" time="0.0" classname="in.srssprojects.keximbank.TestExecution">
    <ignored/>
  </testcase> <!-- roleCreationReset -->
  <testcase name="employeeBlankData" time="0.0" classname="in.srssprojects.keximbank.TestExecution">
    <ignored/>
  </testcase> <!-- employeeBlankData -->
  <testcase name="createRoleWithBlankData" time="0.0" classname="in.srssprojects.keximbank.TestExecution">
    <ignored/>
  </testcase> <!-- createRoleWithBlankData -->
  <testcase name="employeeValidData" time="0.0" classname="in.srssprojects.keximbank.TestExecution">
    <ignored/>
  </testcase> <!-- employeeValidData -->
  <testcase name="createRoleWithDuplicateData" time="0.0" classname="in.srssprojects.keximbank.TestExecution">
    <ignored/>
  </testcase> <!-- createRoleWithDuplicateData -->
  <testcase name="roleCreationCancel" time="0.0" classname="in.srssprojects.keximbank.TestExecution">
    <ignored/>
  </testcase> <!-- roleCreationCancel -->
  <testcase name="employeeDuplicateDAta" time="0.0" classname="in.srssprojects.keximbank.TestExecution">
    <ignored/>
  </testcase> <!-- employeeDuplicateDAta -->
  <testcase name="createRole" time="0.0" classname="in.srssprojects.keximbank.TestExecution">
    <ignored/>
  </testcase> <!-- createRole -->
  <testcase name="employeecancelData" time="0.0" classname="in.srssprojects.keximbank.TestExecution">
    <ignored/>
  </testcase> <!-- employeecancelData -->
  <testcase name="resetData" time="0.0" classname="in.srssprojects.keximbank.TestExecution">
    <ignored/>
  </testcase> <!-- resetData -->
  <testcase name="branchCreaitonBlankData" time="0.0" classname="in.srssprojects.keximbank.TestExecution">
    <ignored/>
  </testcase> <!-- branchCreaitonBlankData -->
</testsuite> <!-- basic test -->
