<?xml version="1.0" encoding="UTF-8"?>
<!-- Generated by org.testng.reporters.JUnitXMLReporter -->
<testsuite hostname="SuryaPC" ignored="12" name="chrome test" tests="4" failures="0" timestamp="06 Mar 2019 10:11:41 GMT" time="30.474" errors="0">
  <testcase name="loginTest" time="3.324" classname="in.srssprojects.keximbank.TestExecution"/>
  <testcase name="roleCreationReset" time="3.317" classname="in.srssprojects.keximbank.TestExecution"/>
  <testcase name="resetData" time="6.485" classname="in.srssprojects.keximbank.TestExecution"/>
  <testcase name="employeeResetData" time="5.931" classname="in.srssprojects.keximbank.TestExecution"/>
  <testcase name="branchCreationValidData" time="0.0" classname="in.srssprojects.keximbank.TestExecution">
    <ignored/>
  </testcase> <!-- branchCreationValidData -->
  <testcase name="creationCancel" time="0.0" classname="in.srssprojects.keximbank.TestExecution">
    <ignored/>
  </testcase> <!-- creationCancel -->
  <testcase name="createRoleWithDuplicateData" time="0.0" classname="in.srssprojects.keximbank.TestExecution">
    <ignored/>
  </testcase> <!-- createRoleWithDuplicateData -->
  <testcase name="roleCreationCancel" time="0.0" classname="in.srssprojects.keximbank.TestExecution">
    <ignored/>
  </testcase> <!-- roleCreationCancel -->
  <testcase name="branchCreationDuplicateData" time="0.0" classname="in.srssprojects.keximbank.TestExecution">
    <ignored/>
  </testcase> <!-- branchCreationDuplicateData -->
  <testcase name="employeeDuplicateDAta" time="0.0" classname="in.srssprojects.keximbank.TestExecution">
    <ignored/>
  </testcase> <!-- employeeDuplicateDAta -->
  <testcase name="createRole" time="0.0" classname="in.srssprojects.keximbank.TestExecution">
    <ignored/>
  </testcase> <!-- createRole -->
  <testcase name="employeeBlankData" time="0.0" classname="in.srssprojects.keximbank.TestExecution">
    <ignored/>
  </testcase> <!-- employeeBlankData -->
  <testcase name="employeecancelData" time="0.0" classname="in.srssprojects.keximbank.TestExecution">
    <ignored/>
  </testcase> <!-- employeecancelData -->
  <testcase name="branchCreaitonBlankData" time="0.0" classname="in.srssprojects.keximbank.TestExecution">
    <ignored/>
  </testcase> <!-- branchCreaitonBlankData -->
  <testcase name="createRoleWithBlankData" time="0.0" classname="in.srssprojects.keximbank.TestExecution">
    <ignored/>
  </testcase> <!-- createRoleWithBlankData -->
  <testcase name="employeeValidData" time="0.0" classname="in.srssprojects.keximbank.TestExecution">
    <ignored/>
  </testcase> <!-- employeeValidData -->
</testsuite> <!-- chrome test -->
