<?xml version="1.0" encoding="UTF-8"?>
<!-- Generated by org.testng.reporters.JUnitXMLReporter -->
<testsuite hostname="SuryaPC" ignored="12" name="firefox test" tests="4" failures="0" timestamp="06 Mar 2019 10:11:39 GMT" time="28.455" errors="0">
  <testcase name="loginTest" time="2.064" classname="in.srssprojects.keximbank.TestExecution"/>
  <testcase name="roleCreationCancel" time="2.042" classname="in.srssprojects.keximbank.TestExecution"/>
  <testcase name="creationCancel" time="2.511" classname="in.srssprojects.keximbank.TestExecution"/>
  <testcase name="employeecancelData" time="3.291" classname="in.srssprojects.keximbank.TestExecution"/>
  <testcase name="branchCreationValidData" time="0.0" classname="in.srssprojects.keximbank.TestExecution">
    <ignored/>
  </testcase> <!-- branchCreationValidData -->
  <testcase name="createRoleWithDuplicateData" time="0.0" classname="in.srssprojects.keximbank.TestExecution">
    <ignored/>
  </testcase> <!-- createRoleWithDuplicateData -->
  <testcase name="employeeResetData" time="0.0" classname="in.srssprojects.keximbank.TestExecution">
    <ignored/>
  </testcase> <!-- employeeResetData -->
  <testcase name="branchCreationDuplicateData" time="0.0" classname="in.srssprojects.keximbank.TestExecution">
    <ignored/>
  </testcase> <!-- branchCreationDuplicateData -->
  <testcase name="employeeDuplicateDAta" time="0.0" classname="in.srssprojects.keximbank.TestExecution">
    <ignored/>
  </testcase> <!-- employeeDuplicateDAta -->
  <testcase name="createRole" time="0.0" classname="in.srssprojects.keximbank.TestExecution">
    <ignored/>
  </testcase> <!-- createRole -->
  <testcase name="roleCreationReset" time="0.0" classname="in.srssprojects.keximbank.TestExecution">
    <ignored/>
  </testcase> <!-- roleCreationReset -->
  <testcase name="employeeBlankData" time="0.0" classname="in.srssprojects.keximbank.TestExecution">
    <ignored/>
  </testcase> <!-- employeeBlankData -->
  <testcase name="resetData" time="0.0" classname="in.srssprojects.keximbank.TestExecution">
    <ignored/>
  </testcase> <!-- resetData -->
  <testcase name="branchCreaitonBlankData" time="0.0" classname="in.srssprojects.keximbank.TestExecution">
    <ignored/>
  </testcase> <!-- branchCreaitonBlankData -->
  <testcase name="createRoleWithBlankData" time="0.0" classname="in.srssprojects.keximbank.TestExecution">
    <ignored/>
  </testcase> <!-- createRoleWithBlankData -->
  <testcase name="employeeValidData" time="0.0" classname="in.srssprojects.keximbank.TestExecution">
    <ignored/>
  </testcase> <!-- employeeValidData -->
</testsuite> <!-- firefox test -->
