<?xml version="1.0" encoding="UTF-8"?>
<!-- Generated by org.testng.reporters.JUnitXMLReporter -->
<testsuite hostname="DESKTOP-B1KRHJ5" ignored="0" name="Default test" tests="4" failures="0" timestamp="25 Feb 2019 09:37:21 GMT" time="35.261" errors="0">
  <testcase name="launchBrowser" time="12.399" classname="in.srssprojects.keximbank.TestExecution"/>
  <testcase name="loginTest" time="4.434" classname="in.srssprojects.keximbank.TestExecution"/>
  <testcase name="branckinfo" time="14.187" classname="in.srssprojects.keximbank.TestExecution"/>
  <testcase name="createRole" time="4.188" classname="in.srssprojects.keximbank.TestExecution"/>
</testsuite> <!-- Default test -->
