<?xml version="1.0" encoding="UTF-8"?>
<!-- Generated by org.testng.reporters.JUnitXMLReporter -->
<testsuite hostname="SuryaPC" ignored="0" name="Default test" tests="3" failures="0" timestamp="22 Feb 2019 10:45:28 GMT" time="21.763" errors="0">
  <testcase name="launchBrowser" time="13.363" classname="in.srssprojects.keximbank.TestExecution"/>
  <testcase name="loginTest" time="3.794" classname="in.srssprojects.keximbank.TestExecution"/>
  <testcase name="createRole" time="4.549" classname="in.srssprojects.keximbank.TestExecution"/>
</testsuite> <!-- Default test -->
