<?xml version="1.0" encoding="UTF-8"?>
<!-- Generated by org.testng.reporters.JUnitXMLReporter -->
<testsuite hostname="SuryaPC" ignored="9" name="parameter test" tests="7" failures="0" timestamp="06 Mar 2019 09:54:02 GMT" time="36.059" errors="0">
  <testcase name="loginTest" time="2.556" classname="in.srssprojects.keximbank.TestExecution"/>
  <testcase name="roleCreationReset" time="2.883" classname="in.srssprojects.keximbank.TestExecution"/>
  <testcase name="roleCreationCancel" time="1.706" classname="in.srssprojects.keximbank.TestExecution"/>
  <testcase name="resetData" time="5.913" classname="in.srssprojects.keximbank.TestExecution"/>
  <testcase name="creationCancel" time="1.519" classname="in.srssprojects.keximbank.TestExecution"/>
  <testcase name="employeeResetData" time="4.98" classname="in.srssprojects.keximbank.TestExecution"/>
  <testcase name="employeecancelData" time="3.034" classname="in.srssprojects.keximbank.TestExecution"/>
  <testcase name="branchCreationValidData" time="0.0" classname="in.srssprojects.keximbank.TestExecution">
    <ignored/>
  </testcase> <!-- branchCreationValidData -->
  <testcase name="createRoleWithDuplicateData" time="0.0" classname="in.srssprojects.keximbank.TestExecution">
    <ignored/>
  </testcase> <!-- createRoleWithDuplicateData -->
  <testcase name="branchCreationDuplicateData" time="0.0" classname="in.srssprojects.keximbank.TestExecution">
    <ignored/>
  </testcase> <!-- branchCreationDuplicateData -->
  <testcase name="employeeDuplicateDAta" time="0.0" classname="in.srssprojects.keximbank.TestExecution">
    <ignored/>
  </testcase> <!-- employeeDuplicateDAta -->
  <testcase name="createRole" time="0.0" classname="in.srssprojects.keximbank.TestExecution">
    <ignored/>
  </testcase> <!-- createRole -->
  <testcase name="employeeBlankData" time="0.0" classname="in.srssprojects.keximbank.TestExecution">
    <ignored/>
  </testcase> <!-- employeeBlankData -->
  <testcase name="branchCreaitonBlankData" time="0.0" classname="in.srssprojects.keximbank.TestExecution">
    <ignored/>
  </testcase> <!-- branchCreaitonBlankData -->
  <testcase name="createRoleWithBlankData" time="0.0" classname="in.srssprojects.keximbank.TestExecution">
    <ignored/>
  </testcase> <!-- createRoleWithBlankData -->
  <testcase name="employeeValidData" time="0.0" classname="in.srssprojects.keximbank.TestExecution">
    <ignored/>
  </testcase> <!-- employeeValidData -->
</testsuite> <!-- parameter test -->
