<?xml version="1.0" encoding="UTF-8"?>
<!-- Generated by org.testng.reporters.JUnitXMLReporter -->
<testsuite hostname="SuryaPC" ignored="11" name="parameter test" tests="7" failures="0" timestamp="11 Mar 2019 12:05:03 GMT" time="55.279" errors="0">
  <testcase name="loginTest" time="3.715" classname="in.srssprojects.keximbank.TestExecution"/>
  <testcase name="roleCreationReset" time="3.957" classname="in.srssprojects.keximbank.TestExecution"/>
  <testcase name="roleCreationCancel" time="2.533" classname="in.srssprojects.keximbank.TestExecution"/>
  <testcase name="resetData" time="6.292" classname="in.srssprojects.keximbank.TestExecution"/>
  <testcase name="creationCancel" time="1.743" classname="in.srssprojects.keximbank.TestExecution"/>
  <testcase name="employeeResetData" time="10.871" classname="in.srssprojects.keximbank.TestExecution"/>
  <testcase name="employeecancelData" time="11.817" classname="in.srssprojects.keximbank.TestExecution"/>
  <testcase name="branchCreationValidData" time="0.0" classname="in.srssprojects.keximbank.TestExecution">
    <ignored/>
  </testcase> <!-- branchCreationValidData -->
  <testcase name="createRoleWithDuplicateData" time="0.0" classname="in.srssprojects.keximbank.TestExecution">
    <ignored/>
  </testcase> <!-- createRoleWithDuplicateData -->
  <testcase name="branchCreationDuplicateData" time="0.0" classname="in.srssprojects.keximbank.TestExecution">
    <ignored/>
  </testcase> <!-- branchCreationDuplicateData -->
  <testcase name="employeeDuplicateDAta" time="0.0" classname="in.srssprojects.keximbank.TestExecution">
    <ignored/>
  </testcase> <!-- employeeDuplicateDAta -->
  <testcase name="createRole" time="0.0" classname="in.srssprojects.keximbank.TestExecution">
    <ignored/>
  </testcase> <!-- createRole -->
  <testcase name="employeeBlankData" time="0.0" classname="in.srssprojects.keximbank.TestExecution">
    <ignored/>
  </testcase> <!-- employeeBlankData -->
  <testcase name="roleCreationWithDDusingDP" time="0.0" classname="in.srssprojects.keximbank.TestExecution">
    <ignored/>
  </testcase> <!-- roleCreationWithDDusingDP -->
  <testcase name="branchCreaitonBlankData" time="0.0" classname="in.srssprojects.keximbank.TestExecution">
    <ignored/>
  </testcase> <!-- branchCreaitonBlankData -->
  <testcase name="createRoleWithBlankData" time="0.0" classname="in.srssprojects.keximbank.TestExecution">
    <ignored/>
  </testcase> <!-- createRoleWithBlankData -->
  <testcase name="employeeValidData" time="0.0" classname="in.srssprojects.keximbank.TestExecution">
    <ignored/>
  </testcase> <!-- employeeValidData -->
  <testcase name="branchCreationDDWithoutDP" time="0.0" classname="in.srssprojects.keximbank.TestExecution">
    <ignored/>
  </testcase> <!-- branchCreationDDWithoutDP -->
</testsuite> <!-- parameter test -->
