<?xml version="1.0" encoding="UTF-8"?>
<testng-results skipped="0" failed="1" ignored="11" total="18" passed="6">
  <reporter-output>
    <line>
      <![CDATA[locating an element usin By.id: txtuId]]>
    </line>
    <line>
      <![CDATA[element located succesfully]]>
    </line>
    <line>
      <![CDATA[changing element value]]>
    </line>
    <line>
      <![CDATA[element value changed toAdmin]]>
    </line>
    <line>
      <![CDATA[locating an element usin By.id: txtPword]]>
    </line>
    <line>
      <![CDATA[element located succesfully]]>
    </line>
    <line>
      <![CDATA[changing element value]]>
    </line>
    <line>
      <![CDATA[element value changed toAdmin]]>
    </line>
    <line>
      <![CDATA[locating an element usin By.id: login]]>
    </line>
    <line>
      <![CDATA[element located succesfully]]>
    </line>
    <line>
      <![CDATA[clicking on that element]]>
    </line>
    <line>
      <![CDATA[element clicked]]>
    </line>
    <line>
      <![CDATA[locating an element usin By.xpath: //a[@href='home.aspx']]]>
    </line>
    <line>
      <![CDATA[element located succesfully]]>
    </line>
    <line>
      <![CDATA[locating an element usin By.xpath: //a[@href='Admin_Roles_details.aspx']]]>
    </line>
    <line>
      <![CDATA[element located succesfully]]>
    </line>
    <line>
      <![CDATA[clicking on that element]]>
    </line>
    <line>
      <![CDATA[element clicked]]>
    </line>
    <line>
      <![CDATA[locating an element usin By.id: btnRoles]]>
    </line>
    <line>
      <![CDATA[element located succesfully]]>
    </line>
    <line>
      <![CDATA[clicking on that element]]>
    </line>
    <line>
      <![CDATA[element clicked]]>
    </line>
    <line>
      <![CDATA[locating an element usin By.id: txtRname]]>
    </line>
    <line>
      <![CDATA[element located succesfully]]>
    </line>
    <line>
      <![CDATA[changing element value]]>
    </line>
    <line>
      <![CDATA[element value changed tomangerEleven]]>
    </line>
    <line>
      <![CDATA[locating an element usin By.id: txtRDesc]]>
    </line>
    <line>
      <![CDATA[element located succesfully]]>
    </line>
    <line>
      <![CDATA[changing element value]]>
    </line>
    <line>
      <![CDATA[element value changed toeleventh manager]]>
    </line>
    <line>
      <![CDATA[locating an element usin By.id: lstRtypeN]]>
    </line>
    <line>
      <![CDATA[element located succesfully]]>
    </line>
    <line>
      <![CDATA[locating an element usin By.id: lstRtypeN]]>
    </line>
    <line>
      <![CDATA[element located succesfully]]>
    </line>
    <line>
      <![CDATA[locating an element usin By.id: lstRtypeN]]>
    </line>
    <line>
      <![CDATA[element located succesfully]]>
    </line>
    <line>
      <![CDATA[locating an element usin By.xpath: .//option[normalize-space(.) = "E"]]]>
    </line>
    <line>
      <![CDATA[element located succesfully]]>
    </line>
    <line>
      <![CDATA[clicking on that element]]>
    </line>
    <line>
      <![CDATA[element clicked]]>
    </line>
    <line>
      <![CDATA[locating an element usin By.id: Btn_Reset]]>
    </line>
    <line>
      <![CDATA[element located succesfully]]>
    </line>
    <line>
      <![CDATA[clicking on that element]]>
    </line>
    <line>
      <![CDATA[element clicked]]>
    </line>
    <line>
      <![CDATA[locating an element usin By.id: txtRname]]>
    </line>
    <line>
      <![CDATA[element located succesfully]]>
    </line>
    <line>
      <![CDATA[locating an element usin By.xpath: //a[@href='Admin_Roles_details.aspx']]]>
    </line>
    <line>
      <![CDATA[element located succesfully]]>
    </line>
    <line>
      <![CDATA[clicking on that element]]>
    </line>
    <line>
      <![CDATA[element clicked]]>
    </line>
    <line>
      <![CDATA[locating an element usin By.id: btnRoles]]>
    </line>
    <line>
      <![CDATA[element located succesfully]]>
    </line>
    <line>
      <![CDATA[clicking on that element]]>
    </line>
    <line>
      <![CDATA[element clicked]]>
    </line>
    <line>
      <![CDATA[locating an element usin by id or name "Btn_cancel"]]>
    </line>
    <line>
      <![CDATA[element located succesfully]]>
    </line>
    <line>
      <![CDATA[clicking on that element]]>
    </line>
    <line>
      <![CDATA[element clicked]]>
    </line>
    <line>
      <![CDATA[locating an element usin By.id: btnRoles]]>
    </line>
    <line>
      <![CDATA[element located succesfully]]>
    </line>
    <line>
      <![CDATA[locating an element usin By.xpath: //a[@href='admin_banker_master.aspx']]]>
    </line>
    <line>
      <![CDATA[element located succesfully]]>
    </line>
    <line>
      <![CDATA[clicking on that element]]>
    </line>
    <line>
      <![CDATA[element clicked]]>
    </line>
    <line>
      <![CDATA[locating an element usin By.id: BtnNewBR]]>
    </line>
    <line>
      <![CDATA[element located succesfully]]>
    </line>
    <line>
      <![CDATA[clicking on that element]]>
    </line>
    <line>
      <![CDATA[element clicked]]>
    </line>
    <line>
      <![CDATA[locating an element usin By.xpath:  //input[@id='txtbName']]]>
    </line>
    <line>
      <![CDATA[element located succesfully]]>
    </line>
    <line>
      <![CDATA[changing element value]]>
    </line>
    <line>
      <![CDATA[element value changed toelectronics]]>
    </line>
    <line>
      <![CDATA[locating an element usin By.id: txtAdd1]]>
    </line>
    <line>
      <![CDATA[element located succesfully]]>
    </line>
    <line>
      <![CDATA[changing element value]]>
    </line>
    <line>
      <![CDATA[element value changed to7-81-78 hyderabad]]>
    </line>
    <line>
      <![CDATA[locating an element usin By.id: Txtadd2]]>
    </line>
    <line>
      <![CDATA[element located succesfully]]>
    </line>
    <line>
      <![CDATA[changing element value]]>
    </line>
    <line>
      <![CDATA[element value changed toH-no 41-58-95 hyderabad]]>
    </line>
    <line>
      <![CDATA[locating an element usin By.id: txtadd3]]>
    </line>
    <line>
      <![CDATA[element located succesfully]]>
    </line>
    <line>
      <![CDATA[changing element value]]>
    </line>
    <line>
      <![CDATA[element value changed toh no:54-698  secendrabad]]>
    </line>
    <line>
      <![CDATA[locating an element usin By.id: txtArea]]>
    </line>
    <line>
      <![CDATA[element located succesfully]]>
    </line>
    <line>
      <![CDATA[changing element value]]>
    </line>
    <line>
      <![CDATA[element value changed tohyb]]>
    </line>
    <line>
      <![CDATA[locating an element usin By.id: txtZip]]>
    </line>
    <line>
      <![CDATA[element located succesfully]]>
    </line>
    <line>
      <![CDATA[changing element value]]>
    </line>
    <line>
      <![CDATA[element value changed to50203]]>
    </line>
    <line>
      <![CDATA[locating an element usin By.id: lst_counrtyU]]>
    </line>
    <line>
      <![CDATA[element located succesfully]]>
    </line>
    <line>
      <![CDATA[locating an element usin By.id: lst_counrtyU]]>
    </line>
    <line>
      <![CDATA[element located succesfully]]>
    </line>
    <line>
      <![CDATA[locating an element usin By.id: lst_counrtyU]]>
    </line>
    <line>
      <![CDATA[element located succesfully]]>
    </line>
    <line>
      <![CDATA[locating an element usin By.xpath: .//option[normalize-space(.) = "INDIA"]]]>
    </line>
    <line>
      <![CDATA[element located succesfully]]>
    </line>
    <line>
      <![CDATA[clicking on that element]]>
    </line>
    <line>
      <![CDATA[element clicked]]>
    </line>
    <line>
      <![CDATA[locating an element usin By.id: lst_stateI]]>
    </line>
    <line>
      <![CDATA[element located succesfully]]>
    </line>
    <line>
      <![CDATA[locating an element usin By.id: lst_stateI]]>
    </line>
    <line>
      <![CDATA[element located succesfully]]>
    </line>
    <line>
      <![CDATA[locating an element usin By.id: lst_stateI]]>
    </line>
    <line>
      <![CDATA[element located succesfully]]>
    </line>
    <line>
      <![CDATA[locating an element usin By.xpath: .//option[normalize-space(.) = "GOA"]]]>
    </line>
    <line>
      <![CDATA[element located succesfully]]>
    </line>
    <line>
      <![CDATA[clicking on that element]]>
    </line>
    <line>
      <![CDATA[element clicked]]>
    </line>
    <line>
      <![CDATA[locating an element usin By.id: lst_cityI]]>
    </line>
    <line>
      <![CDATA[element located succesfully]]>
    </line>
    <line>
      <![CDATA[locating an element usin By.id: lst_cityI]]>
    </line>
    <line>
      <![CDATA[element located succesfully]]>
    </line>
    <line>
      <![CDATA[locating an element usin By.id: lst_cityI]]>
    </line>
    <line>
      <![CDATA[element located succesfully]]>
    </line>
    <line>
      <![CDATA[locating an element usin By.xpath: .//option[normalize-space(.) = "GOA"]]]>
    </line>
    <line>
      <![CDATA[element located succesfully]]>
    </line>
    <line>
      <![CDATA[clicking on that element]]>
    </line>
    <line>
      <![CDATA[element clicked]]>
    </line>
    <line>
      <![CDATA[locating an element usin By.id: Btn_Reset]]>
    </line>
    <line>
      <![CDATA[element located succesfully]]>
    </line>
    <line>
      <![CDATA[clicking on that element]]>
    </line>
    <line>
      <![CDATA[element clicked]]>
    </line>
    <line>
      <![CDATA[locating an element usin By.xpath: //a[@href='admin_banker_master.aspx']]]>
    </line>
    <line>
      <![CDATA[element located succesfully]]>
    </line>
    <line>
      <![CDATA[clicking on that element]]>
    </line>
    <line>
      <![CDATA[element clicked]]>
    </line>
    <line>
      <![CDATA[locating an element usin By.id: BtnNewBR]]>
    </line>
    <line>
      <![CDATA[element located succesfully]]>
    </line>
    <line>
      <![CDATA[clicking on that element]]>
    </line>
    <line>
      <![CDATA[element clicked]]>
    </line>
    <line>
      <![CDATA[locating an element usin By.id: Btn_cancel]]>
    </line>
    <line>
      <![CDATA[element located succesfully]]>
    </line>
    <line>
      <![CDATA[clicking on that element]]>
    </line>
    <line>
      <![CDATA[element clicked]]>
    </line>
    <line>
      <![CDATA[locating an element usin By.xpath: //a[@href='Admin_Emp_details.aspx']]]>
    </line>
    <line>
      <![CDATA[element located succesfully]]>
    </line>
    <line>
      <![CDATA[clicking on that element]]>
    </line>
    <line>
      <![CDATA[element clicked]]>
    </line>
    <line>
      <![CDATA[locating an element usin By.id: BtnNew]]>
    </line>
    <line>
      <![CDATA[element located succesfully]]>
    </line>
    <line>
      <![CDATA[clicking on that element]]>
    </line>
    <line>
      <![CDATA[element clicked]]>
    </line>
    <line>
      <![CDATA[locating an element usin By.id: txtUname]]>
    </line>
    <line>
      <![CDATA[element located succesfully]]>
    </line>
    <line>
      <![CDATA[changing element value]]>
    </line>
    <line>
      <![CDATA[element value changed tosecuremaster]]>
    </line>
    <line>
      <![CDATA[locating an element usin By.id: txtLpwd]]>
    </line>
    <line>
      <![CDATA[element located succesfully]]>
    </line>
    <line>
      <![CDATA[changing element value]]>
    </line>
    <line>
      <![CDATA[element value changed tosecure]]>
    </line>
    <line>
      <![CDATA[locating an element usin By.id: lst_Roles]]>
    </line>
    <line>
      <![CDATA[element located succesfully]]>
    </line>
    <line>
      <![CDATA[locating an element usin By.id: lst_Roles]]>
    </line>
    <line>
      <![CDATA[element located succesfully]]>
    </line>
    <line>
      <![CDATA[locating an element usin By.id: lst_Roles]]>
    </line>
    <line>
      <![CDATA[element located succesfully]]>
    </line>
    <line>
      <![CDATA[locating an element usin By.xpath: .//option[normalize-space(.) = "manager"]]]>
    </line>
    <line>
      <![CDATA[element located succesfully]]>
    </line>
    <line>
      <![CDATA[clicking on that element]]>
    </line>
    <line>
      <![CDATA[element clicked]]>
    </line>
    <line>
      <![CDATA[locating an element usin By.id: lst_Branch]]>
    </line>
    <line>
      <![CDATA[element located succesfully]]>
    </line>
    <line>
      <![CDATA[locating an element usin By.id: lst_Branch]]>
    </line>
    <line>
      <![CDATA[element located succesfully]]>
    </line>
    <line>
      <![CDATA[locating an element usin By.id: lst_Branch]]>
    </line>
    <line>
      <![CDATA[element located succesfully]]>
    </line>
    <line>
      <![CDATA[locating an element usin By.xpath: .//option[normalize-space(.) = "@"]]]>
    </line>
    <line>
      <![CDATA[element located succesfully]]>
    </line>
    <line>
      <![CDATA[clicking on that element]]>
    </line>
    <line>
      <![CDATA[element clicked]]>
    </line>
    <line>
      <![CDATA[locating an element usin By.id: btnreset]]>
    </line>
    <line>
      <![CDATA[element located succesfully]]>
    </line>
    <line>
      <![CDATA[clicking on that element]]>
    </line>
    <line>
      <![CDATA[element clicked]]>
    </line>
    <line>
      <![CDATA[locating an element usin By.xpath: //a[@href='Admin_Emp_details.aspx']]]>
    </line>
    <line>
      <![CDATA[element located succesfully]]>
    </line>
    <line>
      <![CDATA[clicking on that element]]>
    </line>
    <line>
      <![CDATA[element clicked]]>
    </line>
    <line>
      <![CDATA[locating an element usin By.id: BtnNew]]>
    </line>
    <line>
      <![CDATA[element located succesfully]]>
    </line>
    <line>
      <![CDATA[clicking on that element]]>
    </line>
    <line>
      <![CDATA[element clicked]]>
    </line>
    <line>
      <![CDATA[locating an element usin By.id: btnCancel]]>
    </line>
    <line>
      <![CDATA[element located succesfully]]>
    </line>
    <line>
      <![CDATA[clicking on that element]]>
    </line>
    <line>
      <![CDATA[element clicked]]>
    </line>
    <line>
      <![CDATA[locating an element usin By.xpath: //a[@href='home.aspx']]]>
    </line>
    <line>
      <![CDATA[element located succesfully]]>
    </line>
    <line>
      <![CDATA[clicking on that element]]>
    </line>
    <line>
      <![CDATA[element clicked]]>
    </line>
  </reporter-output>
  <suite name="groups suite" duration-ms="37800" started-at="2019-03-12T10:47:58Z" finished-at="2019-03-12T10:48:36Z">
    <groups>
      <group name="cancel">
        <method signature="TestExecution.creationCancel()[pri:13, instance:in.srssprojects.keximbank.BasicExecution@3b81a1bc]" name="creationCancel" class="in.srssprojects.keximbank.TestExecution"/>
        <method signature="TestExecution.employeecancelData()[pri:18, instance:in.srssprojects.keximbank.BasicExecution@3b81a1bc]" name="employeecancelData" class="in.srssprojects.keximbank.TestExecution"/>
        <method signature="TestExecution.loginTest()[pri:1, instance:in.srssprojects.keximbank.BasicExecution@3b81a1bc]" name="loginTest" class="in.srssprojects.keximbank.TestExecution"/>
        <method signature="TestExecution.roleCreationCancel()[pri:6, instance:in.srssprojects.keximbank.BasicExecution@3b81a1bc]" name="roleCreationCancel" class="in.srssprojects.keximbank.TestExecution"/>
      </group> <!-- cancel -->
      <group name="valid">
        <method signature="TestExecution.creationCancel()[pri:13, instance:in.srssprojects.keximbank.BasicExecution@3b81a1bc]" name="creationCancel" class="in.srssprojects.keximbank.TestExecution"/>
        <method signature="TestExecution.employeeResetData()[pri:17, instance:in.srssprojects.keximbank.BasicExecution@3b81a1bc]" name="employeeResetData" class="in.srssprojects.keximbank.TestExecution"/>
        <method signature="TestExecution.employeecancelData()[pri:18, instance:in.srssprojects.keximbank.BasicExecution@3b81a1bc]" name="employeecancelData" class="in.srssprojects.keximbank.TestExecution"/>
        <method signature="TestExecution.loginTest()[pri:1, instance:in.srssprojects.keximbank.BasicExecution@3b81a1bc]" name="loginTest" class="in.srssprojects.keximbank.TestExecution"/>
        <method signature="TestExecution.resetData()[pri:12, instance:in.srssprojects.keximbank.BasicExecution@3b81a1bc]" name="resetData" class="in.srssprojects.keximbank.TestExecution"/>
        <method signature="TestExecution.roleCreationCancel()[pri:6, instance:in.srssprojects.keximbank.BasicExecution@3b81a1bc]" name="roleCreationCancel" class="in.srssprojects.keximbank.TestExecution"/>
        <method signature="TestExecution.roleCreationReset()[pri:5, instance:in.srssprojects.keximbank.BasicExecution@3b81a1bc]" name="roleCreationReset" class="in.srssprojects.keximbank.TestExecution"/>
      </group> <!-- valid -->
      <group name="datadriven">
        <method signature="TestExecution.loginTest()[pri:1, instance:in.srssprojects.keximbank.BasicExecution@3b81a1bc]" name="loginTest" class="in.srssprojects.keximbank.TestExecution"/>
      </group> <!-- datadriven -->
      <group name="role">
        <method signature="TestExecution.loginTest()[pri:1, instance:in.srssprojects.keximbank.BasicExecution@3b81a1bc]" name="loginTest" class="in.srssprojects.keximbank.TestExecution"/>
        <method signature="TestExecution.roleCreationCancel()[pri:6, instance:in.srssprojects.keximbank.BasicExecution@3b81a1bc]" name="roleCreationCancel" class="in.srssprojects.keximbank.TestExecution"/>
        <method signature="TestExecution.roleCreationReset()[pri:5, instance:in.srssprojects.keximbank.BasicExecution@3b81a1bc]" name="roleCreationReset" class="in.srssprojects.keximbank.TestExecution"/>
      </group> <!-- role -->
      <group name="invalid">
        <method signature="TestExecution.loginTest()[pri:1, instance:in.srssprojects.keximbank.BasicExecution@3b81a1bc]" name="loginTest" class="in.srssprojects.keximbank.TestExecution"/>
      </group> <!-- invalid -->
      <group name="reset">
        <method signature="TestExecution.employeeResetData()[pri:17, instance:in.srssprojects.keximbank.BasicExecution@3b81a1bc]" name="employeeResetData" class="in.srssprojects.keximbank.TestExecution"/>
        <method signature="TestExecution.loginTest()[pri:1, instance:in.srssprojects.keximbank.BasicExecution@3b81a1bc]" name="loginTest" class="in.srssprojects.keximbank.TestExecution"/>
        <method signature="TestExecution.resetData()[pri:12, instance:in.srssprojects.keximbank.BasicExecution@3b81a1bc]" name="resetData" class="in.srssprojects.keximbank.TestExecution"/>
        <method signature="TestExecution.roleCreationReset()[pri:5, instance:in.srssprojects.keximbank.BasicExecution@3b81a1bc]" name="roleCreationReset" class="in.srssprojects.keximbank.TestExecution"/>
      </group> <!-- reset -->
      <group name="create">
        <method signature="TestExecution.loginTest()[pri:1, instance:in.srssprojects.keximbank.BasicExecution@3b81a1bc]" name="loginTest" class="in.srssprojects.keximbank.TestExecution"/>
      </group> <!-- create -->
      <group name="employee">
        <method signature="TestExecution.employeeResetData()[pri:17, instance:in.srssprojects.keximbank.BasicExecution@3b81a1bc]" name="employeeResetData" class="in.srssprojects.keximbank.TestExecution"/>
        <method signature="TestExecution.employeecancelData()[pri:18, instance:in.srssprojects.keximbank.BasicExecution@3b81a1bc]" name="employeecancelData" class="in.srssprojects.keximbank.TestExecution"/>
        <method signature="TestExecution.loginTest()[pri:1, instance:in.srssprojects.keximbank.BasicExecution@3b81a1bc]" name="loginTest" class="in.srssprojects.keximbank.TestExecution"/>
      </group> <!-- employee -->
      <group name="branch">
        <method signature="TestExecution.creationCancel()[pri:13, instance:in.srssprojects.keximbank.BasicExecution@3b81a1bc]" name="creationCancel" class="in.srssprojects.keximbank.TestExecution"/>
        <method signature="TestExecution.loginTest()[pri:1, instance:in.srssprojects.keximbank.BasicExecution@3b81a1bc]" name="loginTest" class="in.srssprojects.keximbank.TestExecution"/>
        <method signature="TestExecution.resetData()[pri:12, instance:in.srssprojects.keximbank.BasicExecution@3b81a1bc]" name="resetData" class="in.srssprojects.keximbank.TestExecution"/>
      </group> <!-- branch -->
    </groups>
    <test name="groups test" duration-ms="37800" started-at="2019-03-12T10:47:58Z" finished-at="2019-03-12T10:48:36Z">
      <class name="in.srssprojects.keximbank.BasicExecution">
        <test-method status="PASS" signature="browserLaunch()[pri:0, instance:in.srssprojects.keximbank.BasicExecution@3b81a1bc]" name="browserLaunch" is-config="true" duration-ms="7981" started-at="2019-03-12T10:47:58Z" finished-at="2019-03-12T10:48:06Z">
          <reporter-output>
          </reporter-output>
        </test-method> <!-- browserLaunch -->
        <test-method status="PASS" signature="loginTest()[pri:1, instance:in.srssprojects.keximbank.BasicExecution@3b81a1bc]" name="loginTest" duration-ms="2985" started-at="2019-03-12T10:48:06Z" finished-at="2019-03-12T10:48:09Z">
          <reporter-output>
            <line>
              <![CDATA[locating an element usin By.id: txtuId]]>
            </line>
            <line>
              <![CDATA[element located succesfully]]>
            </line>
            <line>
              <![CDATA[changing element value]]>
            </line>
            <line>
              <![CDATA[element value changed toAdmin]]>
            </line>
            <line>
              <![CDATA[locating an element usin By.id: txtPword]]>
            </line>
            <line>
              <![CDATA[element located succesfully]]>
            </line>
            <line>
              <![CDATA[changing element value]]>
            </line>
            <line>
              <![CDATA[element value changed toAdmin]]>
            </line>
            <line>
              <![CDATA[locating an element usin By.id: login]]>
            </line>
            <line>
              <![CDATA[element located succesfully]]>
            </line>
            <line>
              <![CDATA[clicking on that element]]>
            </line>
            <line>
              <![CDATA[element clicked]]>
            </line>
            <line>
              <![CDATA[locating an element usin By.xpath: //a[@href='home.aspx']]]>
            </line>
            <line>
              <![CDATA[element located succesfully]]>
            </line>
          </reporter-output>
        </test-method> <!-- loginTest -->
        <test-method status="PASS" signature="roleCreationReset()[pri:5, instance:in.srssprojects.keximbank.BasicExecution@3b81a1bc]" name="roleCreationReset" duration-ms="2353" started-at="2019-03-12T10:48:09Z" finished-at="2019-03-12T10:48:12Z">
          <reporter-output>
            <line>
              <![CDATA[locating an element usin By.xpath: //a[@href='Admin_Roles_details.aspx']]]>
            </line>
            <line>
              <![CDATA[element located succesfully]]>
            </line>
            <line>
              <![CDATA[clicking on that element]]>
            </line>
            <line>
              <![CDATA[element clicked]]>
            </line>
            <line>
              <![CDATA[locating an element usin By.id: btnRoles]]>
            </line>
            <line>
              <![CDATA[element located succesfully]]>
            </line>
            <line>
              <![CDATA[clicking on that element]]>
            </line>
            <line>
              <![CDATA[element clicked]]>
            </line>
            <line>
              <![CDATA[locating an element usin By.id: txtRname]]>
            </line>
            <line>
              <![CDATA[element located succesfully]]>
            </line>
            <line>
              <![CDATA[changing element value]]>
            </line>
            <line>
              <![CDATA[element value changed tomangerEleven]]>
            </line>
            <line>
              <![CDATA[locating an element usin By.id: txtRDesc]]>
            </line>
            <line>
              <![CDATA[element located succesfully]]>
            </line>
            <line>
              <![CDATA[changing element value]]>
            </line>
            <line>
              <![CDATA[element value changed toeleventh manager]]>
            </line>
            <line>
              <![CDATA[locating an element usin By.id: lstRtypeN]]>
            </line>
            <line>
              <![CDATA[element located succesfully]]>
            </line>
            <line>
              <![CDATA[locating an element usin By.id: lstRtypeN]]>
            </line>
            <line>
              <![CDATA[element located succesfully]]>
            </line>
            <line>
              <![CDATA[locating an element usin By.id: lstRtypeN]]>
            </line>
            <line>
              <![CDATA[element located succesfully]]>
            </line>
            <line>
              <![CDATA[locating an element usin By.xpath: .//option[normalize-space(.) = "E"]]]>
            </line>
            <line>
              <![CDATA[element located succesfully]]>
            </line>
            <line>
              <![CDATA[clicking on that element]]>
            </line>
            <line>
              <![CDATA[element clicked]]>
            </line>
            <line>
              <![CDATA[locating an element usin By.id: Btn_Reset]]>
            </line>
            <line>
              <![CDATA[element located succesfully]]>
            </line>
            <line>
              <![CDATA[clicking on that element]]>
            </line>
            <line>
              <![CDATA[element clicked]]>
            </line>
            <line>
              <![CDATA[locating an element usin By.id: txtRname]]>
            </line>
            <line>
              <![CDATA[element located succesfully]]>
            </line>
          </reporter-output>
        </test-method> <!-- roleCreationReset -->
        <test-method status="PASS" signature="roleCreationCancel()[pri:6, instance:in.srssprojects.keximbank.BasicExecution@3b81a1bc]" name="roleCreationCancel" duration-ms="1741" started-at="2019-03-12T10:48:12Z" finished-at="2019-03-12T10:48:13Z">
          <reporter-output>
            <line>
              <![CDATA[locating an element usin By.xpath: //a[@href='Admin_Roles_details.aspx']]]>
            </line>
            <line>
              <![CDATA[element located succesfully]]>
            </line>
            <line>
              <![CDATA[clicking on that element]]>
            </line>
            <line>
              <![CDATA[element clicked]]>
            </line>
            <line>
              <![CDATA[locating an element usin By.id: btnRoles]]>
            </line>
            <line>
              <![CDATA[element located succesfully]]>
            </line>
            <line>
              <![CDATA[clicking on that element]]>
            </line>
            <line>
              <![CDATA[element clicked]]>
            </line>
            <line>
              <![CDATA[locating an element usin by id or name "Btn_cancel"]]>
            </line>
            <line>
              <![CDATA[element located succesfully]]>
            </line>
            <line>
              <![CDATA[clicking on that element]]>
            </line>
            <line>
              <![CDATA[element clicked]]>
            </line>
            <line>
              <![CDATA[locating an element usin By.id: btnRoles]]>
            </line>
            <line>
              <![CDATA[element located succesfully]]>
            </line>
          </reporter-output>
        </test-method> <!-- roleCreationCancel -->
        <test-method status="PASS" signature="resetData()[pri:12, instance:in.srssprojects.keximbank.BasicExecution@3b81a1bc]" name="resetData" duration-ms="5322" started-at="2019-03-12T10:48:13Z" finished-at="2019-03-12T10:48:19Z">
          <reporter-output>
            <line>
              <![CDATA[locating an element usin By.xpath: //a[@href='admin_banker_master.aspx']]]>
            </line>
            <line>
              <![CDATA[element located succesfully]]>
            </line>
            <line>
              <![CDATA[clicking on that element]]>
            </line>
            <line>
              <![CDATA[element clicked]]>
            </line>
            <line>
              <![CDATA[locating an element usin By.id: BtnNewBR]]>
            </line>
            <line>
              <![CDATA[element located succesfully]]>
            </line>
            <line>
              <![CDATA[clicking on that element]]>
            </line>
            <line>
              <![CDATA[element clicked]]>
            </line>
            <line>
              <![CDATA[locating an element usin By.xpath:  //input[@id='txtbName']]]>
            </line>
            <line>
              <![CDATA[element located succesfully]]>
            </line>
            <line>
              <![CDATA[changing element value]]>
            </line>
            <line>
              <![CDATA[element value changed toelectronics]]>
            </line>
            <line>
              <![CDATA[locating an element usin By.id: txtAdd1]]>
            </line>
            <line>
              <![CDATA[element located succesfully]]>
            </line>
            <line>
              <![CDATA[changing element value]]>
            </line>
            <line>
              <![CDATA[element value changed to7-81-78 hyderabad]]>
            </line>
            <line>
              <![CDATA[locating an element usin By.id: Txtadd2]]>
            </line>
            <line>
              <![CDATA[element located succesfully]]>
            </line>
            <line>
              <![CDATA[changing element value]]>
            </line>
            <line>
              <![CDATA[element value changed toH-no 41-58-95 hyderabad]]>
            </line>
            <line>
              <![CDATA[locating an element usin By.id: txtadd3]]>
            </line>
            <line>
              <![CDATA[element located succesfully]]>
            </line>
            <line>
              <![CDATA[changing element value]]>
            </line>
            <line>
              <![CDATA[element value changed toh no:54-698  secendrabad]]>
            </line>
            <line>
              <![CDATA[locating an element usin By.id: txtArea]]>
            </line>
            <line>
              <![CDATA[element located succesfully]]>
            </line>
            <line>
              <![CDATA[changing element value]]>
            </line>
            <line>
              <![CDATA[element value changed tohyb]]>
            </line>
            <line>
              <![CDATA[locating an element usin By.id: txtZip]]>
            </line>
            <line>
              <![CDATA[element located succesfully]]>
            </line>
            <line>
              <![CDATA[changing element value]]>
            </line>
            <line>
              <![CDATA[element value changed to50203]]>
            </line>
            <line>
              <![CDATA[locating an element usin By.id: lst_counrtyU]]>
            </line>
            <line>
              <![CDATA[element located succesfully]]>
            </line>
            <line>
              <![CDATA[locating an element usin By.id: lst_counrtyU]]>
            </line>
            <line>
              <![CDATA[element located succesfully]]>
            </line>
            <line>
              <![CDATA[locating an element usin By.id: lst_counrtyU]]>
            </line>
            <line>
              <![CDATA[element located succesfully]]>
            </line>
            <line>
              <![CDATA[locating an element usin By.xpath: .//option[normalize-space(.) = "INDIA"]]]>
            </line>
            <line>
              <![CDATA[element located succesfully]]>
            </line>
            <line>
              <![CDATA[clicking on that element]]>
            </line>
            <line>
              <![CDATA[element clicked]]>
            </line>
            <line>
              <![CDATA[locating an element usin By.id: lst_stateI]]>
            </line>
            <line>
              <![CDATA[element located succesfully]]>
            </line>
            <line>
              <![CDATA[locating an element usin By.id: lst_stateI]]>
            </line>
            <line>
              <![CDATA[element located succesfully]]>
            </line>
            <line>
              <![CDATA[locating an element usin By.id: lst_stateI]]>
            </line>
            <line>
              <![CDATA[element located succesfully]]>
            </line>
            <line>
              <![CDATA[locating an element usin By.xpath: .//option[normalize-space(.) = "GOA"]]]>
            </line>
            <line>
              <![CDATA[element located succesfully]]>
            </line>
            <line>
              <![CDATA[clicking on that element]]>
            </line>
            <line>
              <![CDATA[element clicked]]>
            </line>
            <line>
              <![CDATA[locating an element usin By.id: lst_cityI]]>
            </line>
            <line>
              <![CDATA[element located succesfully]]>
            </line>
            <line>
              <![CDATA[locating an element usin By.id: lst_cityI]]>
            </line>
            <line>
              <![CDATA[element located succesfully]]>
            </line>
            <line>
              <![CDATA[locating an element usin By.id: lst_cityI]]>
            </line>
            <line>
              <![CDATA[element located succesfully]]>
            </line>
            <line>
              <![CDATA[locating an element usin By.xpath: .//option[normalize-space(.) = "GOA"]]]>
            </line>
            <line>
              <![CDATA[element located succesfully]]>
            </line>
            <line>
              <![CDATA[clicking on that element]]>
            </line>
            <line>
              <![CDATA[element clicked]]>
            </line>
            <line>
              <![CDATA[locating an element usin By.id: Btn_Reset]]>
            </line>
            <line>
              <![CDATA[element located succesfully]]>
            </line>
            <line>
              <![CDATA[clicking on that element]]>
            </line>
            <line>
              <![CDATA[element clicked]]>
            </line>
          </reporter-output>
        </test-method> <!-- resetData -->
        <test-method status="PASS" signature="creationCancel()[pri:13, instance:in.srssprojects.keximbank.BasicExecution@3b81a1bc]" name="creationCancel" duration-ms="1576" started-at="2019-03-12T10:48:19Z" finished-at="2019-03-12T10:48:20Z">
          <reporter-output>
            <line>
              <![CDATA[locating an element usin By.xpath: //a[@href='admin_banker_master.aspx']]]>
            </line>
            <line>
              <![CDATA[element located succesfully]]>
            </line>
            <line>
              <![CDATA[clicking on that element]]>
            </line>
            <line>
              <![CDATA[element clicked]]>
            </line>
            <line>
              <![CDATA[locating an element usin By.id: BtnNewBR]]>
            </line>
            <line>
              <![CDATA[element located succesfully]]>
            </line>
            <line>
              <![CDATA[clicking on that element]]>
            </line>
            <line>
              <![CDATA[element clicked]]>
            </line>
            <line>
              <![CDATA[locating an element usin By.id: Btn_cancel]]>
            </line>
            <line>
              <![CDATA[element located succesfully]]>
            </line>
            <line>
              <![CDATA[clicking on that element]]>
            </line>
            <line>
              <![CDATA[element clicked]]>
            </line>
          </reporter-output>
        </test-method> <!-- creationCancel -->
        <test-method status="FAIL" signature="employeeResetData()[pri:17, instance:in.srssprojects.keximbank.BasicExecution@3b81a1bc]" name="employeeResetData" duration-ms="9549" started-at="2019-03-12T10:48:20Z" finished-at="2019-03-12T10:48:30Z">
          <exception class="java.lang.AssertionError">
            <message>
              <![CDATA[expected [true] but found [false]]]>
            </message>
            <full-stacktrace>
              <![CDATA[java.lang.AssertionError: expected [true] but found [false]
at org.testng.Assert.fail(Assert.java:96)
at org.testng.Assert.failNotEquals(Assert.java:776)
at org.testng.Assert.assertTrue(Assert.java:44)
at org.testng.Assert.assertTrue(Assert.java:54)
at in.srssprojects.keximbank.TestExecution.employeeResetData(TestExecution.java:237)
at sun.reflect.NativeMethodAccessorImpl.invoke0(Native Method)
at sun.reflect.NativeMethodAccessorImpl.invoke(NativeMethodAccessorImpl.java:62)
at sun.reflect.DelegatingMethodAccessorImpl.invoke(DelegatingMethodAccessorImpl.java:43)
at java.lang.reflect.Method.invoke(Method.java:498)
at org.testng.internal.MethodInvocationHelper.invokeMethod(MethodInvocationHelper.java:124)
at org.testng.internal.Invoker.invokeMethod(Invoker.java:583)
at org.testng.internal.Invoker.invokeTestMethod(Invoker.java:719)
at org.testng.internal.Invoker.invokeTestMethods(Invoker.java:989)
at org.testng.internal.TestMethodWorker.invokeTestMethods(TestMethodWorker.java:125)
at org.testng.internal.TestMethodWorker.run(TestMethodWorker.java:109)
at org.testng.TestRunner.privateRun(TestRunner.java:648)
at org.testng.TestRunner.run(TestRunner.java:505)
at org.testng.SuiteRunner.runTest(SuiteRunner.java:455)
at org.testng.SuiteRunner.runSequentially(SuiteRunner.java:450)
at org.testng.SuiteRunner.privateRun(SuiteRunner.java:415)
at org.testng.SuiteRunner.run(SuiteRunner.java:364)
at org.testng.SuiteRunnerWorker.runSuite(SuiteRunnerWorker.java:52)
at org.testng.SuiteRunnerWorker.run(SuiteRunnerWorker.java:84)
at org.testng.TestNG.runSuitesSequentially(TestNG.java:1208)
at org.testng.TestNG.runSuitesLocally(TestNG.java:1137)
at org.testng.TestNG.runSuites(TestNG.java:1049)
at org.testng.TestNG.run(TestNG.java:1017)
at org.apache.maven.surefire.testng.TestNGExecutor.run(TestNGExecutor.java:281)
at org.apache.maven.surefire.testng.TestNGXmlTestSuite.execute(TestNGXmlTestSuite.java:75)
at org.apache.maven.surefire.testng.TestNGProvider.invoke(TestNGProvider.java:121)
at org.apache.maven.surefire.booter.ForkedBooter.invokeProviderInSameClassLoader(ForkedBooter.java:290)
at org.apache.maven.surefire.booter.ForkedBooter.runSuitesInProcess(ForkedBooter.java:242)
at org.apache.maven.surefire.booter.ForkedBooter.main(ForkedBooter.java:121)
]]>
            </full-stacktrace>
          </exception> <!-- java.lang.AssertionError -->
          <reporter-output>
            <line>
              <![CDATA[locating an element usin By.xpath: //a[@href='Admin_Emp_details.aspx']]]>
            </line>
            <line>
              <![CDATA[element located succesfully]]>
            </line>
            <line>
              <![CDATA[clicking on that element]]>
            </line>
            <line>
              <![CDATA[element clicked]]>
            </line>
            <line>
              <![CDATA[locating an element usin By.id: BtnNew]]>
            </line>
            <line>
              <![CDATA[element located succesfully]]>
            </line>
            <line>
              <![CDATA[clicking on that element]]>
            </line>
            <line>
              <![CDATA[element clicked]]>
            </line>
            <line>
              <![CDATA[locating an element usin By.id: txtUname]]>
            </line>
            <line>
              <![CDATA[element located succesfully]]>
            </line>
            <line>
              <![CDATA[changing element value]]>
            </line>
            <line>
              <![CDATA[element value changed tosecuremaster]]>
            </line>
            <line>
              <![CDATA[locating an element usin By.id: txtLpwd]]>
            </line>
            <line>
              <![CDATA[element located succesfully]]>
            </line>
            <line>
              <![CDATA[changing element value]]>
            </line>
            <line>
              <![CDATA[element value changed tosecure]]>
            </line>
            <line>
              <![CDATA[locating an element usin By.id: lst_Roles]]>
            </line>
            <line>
              <![CDATA[element located succesfully]]>
            </line>
            <line>
              <![CDATA[locating an element usin By.id: lst_Roles]]>
            </line>
            <line>
              <![CDATA[element located succesfully]]>
            </line>
            <line>
              <![CDATA[locating an element usin By.id: lst_Roles]]>
            </line>
            <line>
              <![CDATA[element located succesfully]]>
            </line>
            <line>
              <![CDATA[locating an element usin By.xpath: .//option[normalize-space(.) = "manager"]]]>
            </line>
            <line>
              <![CDATA[element located succesfully]]>
            </line>
            <line>
              <![CDATA[clicking on that element]]>
            </line>
            <line>
              <![CDATA[element clicked]]>
            </line>
            <line>
              <![CDATA[locating an element usin By.id: lst_Branch]]>
            </line>
            <line>
              <![CDATA[element located succesfully]]>
            </line>
            <line>
              <![CDATA[locating an element usin By.id: lst_Branch]]>
            </line>
            <line>
              <![CDATA[element located succesfully]]>
            </line>
            <line>
              <![CDATA[locating an element usin By.id: lst_Branch]]>
            </line>
            <line>
              <![CDATA[element located succesfully]]>
            </line>
            <line>
              <![CDATA[locating an element usin By.xpath: .//option[normalize-space(.) = "@"]]]>
            </line>
            <line>
              <![CDATA[element located succesfully]]>
            </line>
            <line>
              <![CDATA[clicking on that element]]>
            </line>
            <line>
              <![CDATA[element clicked]]>
            </line>
            <line>
              <![CDATA[locating an element usin By.id: btnreset]]>
            </line>
            <line>
              <![CDATA[element located succesfully]]>
            </line>
            <line>
              <![CDATA[clicking on that element]]>
            </line>
            <line>
              <![CDATA[element clicked]]>
            </line>
          </reporter-output>
        </test-method> <!-- employeeResetData -->
        <test-method status="PASS" signature="employeecancelData()[pri:18, instance:in.srssprojects.keximbank.BasicExecution@3b81a1bc]" name="employeecancelData" duration-ms="4519" started-at="2019-03-12T10:48:31Z" finished-at="2019-03-12T10:48:35Z">
          <reporter-output>
            <line>
              <![CDATA[locating an element usin By.xpath: //a[@href='Admin_Emp_details.aspx']]]>
            </line>
            <line>
              <![CDATA[element located succesfully]]>
            </line>
            <line>
              <![CDATA[clicking on that element]]>
            </line>
            <line>
              <![CDATA[element clicked]]>
            </line>
            <line>
              <![CDATA[locating an element usin By.id: BtnNew]]>
            </line>
            <line>
              <![CDATA[element located succesfully]]>
            </line>
            <line>
              <![CDATA[clicking on that element]]>
            </line>
            <line>
              <![CDATA[element clicked]]>
            </line>
            <line>
              <![CDATA[locating an element usin By.id: btnCancel]]>
            </line>
            <line>
              <![CDATA[element located succesfully]]>
            </line>
            <line>
              <![CDATA[clicking on that element]]>
            </line>
            <line>
              <![CDATA[element clicked]]>
            </line>
          </reporter-output>
        </test-method> <!-- employeecancelData -->
        <test-method status="PASS" signature="closeBrowser()[pri:0, instance:in.srssprojects.keximbank.BasicExecution@3b81a1bc]" name="closeBrowser" is-config="true" duration-ms="665" started-at="2019-03-12T10:48:35Z" finished-at="2019-03-12T10:48:36Z">
          <reporter-output>
            <line>
              <![CDATA[locating an element usin By.xpath: //a[@href='home.aspx']]]>
            </line>
            <line>
              <![CDATA[element located succesfully]]>
            </line>
            <line>
              <![CDATA[clicking on that element]]>
            </line>
            <line>
              <![CDATA[element clicked]]>
            </line>
          </reporter-output>
        </test-method> <!-- closeBrowser -->
      </class> <!-- in.srssprojects.keximbank.BasicExecution -->
    </test> <!-- groups test -->
  </suite> <!-- groups suite -->
</testng-results>
