<?xml version="1.0" encoding="UTF-8"?>
<testng-results skipped="0" failed="0" ignored="0" total="4" passed="4">
  <reporter-output>
  </reporter-output>
  <suite name="in.srssprojects.keximbank.TestExecution" duration-ms="38535" started-at="2019-02-24T17:11:16Z" finished-at="2019-02-24T17:11:55Z">
    <groups>
    </groups>
    <test name="Command line test" duration-ms="38535" started-at="2019-02-24T17:11:16Z" finished-at="2019-02-24T17:11:55Z">
      <class name="in.srssprojects.keximbank.TestExecution">
        <test-method status="PASS" signature="launchBrowser()[pri:0, instance:in.srssprojects.keximbank.TestExecution@13969fbe]" name="launchBrowser" duration-ms="15046" started-at="2019-02-24T17:11:16Z" finished-at="2019-02-24T17:11:31Z">
          <reporter-output>
          </reporter-output>
        </test-method> <!-- launchBrowser -->
        <test-method status="PASS" signature="loginTest()[pri:1, instance:in.srssprojects.keximbank.TestExecution@13969fbe]" name="loginTest" duration-ms="8354" started-at="2019-02-24T17:11:31Z" finished-at="2019-02-24T17:11:40Z">
          <reporter-output>
          </reporter-output>
        </test-method> <!-- loginTest -->
        <test-method status="PASS" signature="branckinfo()[pri:2, instance:in.srssprojects.keximbank.TestExecution@13969fbe]" name="branckinfo" duration-ms="12199" started-at="2019-02-24T17:11:40Z" finished-at="2019-02-24T17:11:52Z">
          <reporter-output>
          </reporter-output>
        </test-method> <!-- branckinfo -->
        <test-method status="PASS" signature="createRole()[pri:3, instance:in.srssprojects.keximbank.TestExecution@13969fbe]" name="createRole" duration-ms="2893" started-at="2019-02-24T17:11:52Z" finished-at="2019-02-24T17:11:55Z">
          <reporter-output>
          </reporter-output>
        </test-method> <!-- createRole -->
      </class> <!-- in.srssprojects.keximbank.TestExecution -->
    </test> <!-- Command line test -->
  </suite> <!-- in.srssprojects.keximbank.TestExecution -->
</testng-results>
