<?xml version="1.0" encoding="UTF-8"?>
<testng-results skipped="0" failed="0" ignored="11" total="18" passed="7">
  <reporter-output>
    <line>
      <![CDATA[locating an element usin By.id: txtuId]]>
    </line>
    <line>
      <![CDATA[element located succesfully]]>
    </line>
    <line>
      <![CDATA[changing element value]]>
    </line>
    <line>
      <![CDATA[element value changed toAdmin]]>
    </line>
    <line>
      <![CDATA[locating an element usin By.id: txtPword]]>
    </line>
    <line>
      <![CDATA[element located succesfully]]>
    </line>
    <line>
      <![CDATA[changing element value]]>
    </line>
    <line>
      <![CDATA[element value changed toAdmin]]>
    </line>
    <line>
      <![CDATA[locating an element usin By.id: login]]>
    </line>
    <line>
      <![CDATA[element located succesfully]]>
    </line>
    <line>
      <![CDATA[clicking on that element]]>
    </line>
    <line>
      <![CDATA[element clicked]]>
    </line>
    <line>
      <![CDATA[locating an element usin By.xpath: //a[@href='home.aspx']]]>
    </line>
    <line>
      <![CDATA[element located succesfully]]>
    </line>
    <line>
      <![CDATA[locating an element usin By.xpath: //a[@href='Admin_Roles_details.aspx']]]>
    </line>
    <line>
      <![CDATA[element located succesfully]]>
    </line>
    <line>
      <![CDATA[clicking on that element]]>
    </line>
    <line>
      <![CDATA[element clicked]]>
    </line>
    <line>
      <![CDATA[locating an element usin By.id: btnRoles]]>
    </line>
    <line>
      <![CDATA[element located succesfully]]>
    </line>
    <line>
      <![CDATA[clicking on that element]]>
    </line>
    <line>
      <![CDATA[element clicked]]>
    </line>
    <line>
      <![CDATA[locating an element usin By.id: txtRname]]>
    </line>
    <line>
      <![CDATA[element located succesfully]]>
    </line>
    <line>
      <![CDATA[changing element value]]>
    </line>
    <line>
      <![CDATA[element value changed tomangerEleven]]>
    </line>
    <line>
      <![CDATA[locating an element usin By.id: txtRDesc]]>
    </line>
    <line>
      <![CDATA[element located succesfully]]>
    </line>
    <line>
      <![CDATA[changing element value]]>
    </line>
    <line>
      <![CDATA[element value changed toeleventh manager]]>
    </line>
    <line>
      <![CDATA[locating an element usin By.id: lstRtypeN]]>
    </line>
    <line>
      <![CDATA[element located succesfully]]>
    </line>
    <line>
      <![CDATA[locating an element usin By.id: lstRtypeN]]>
    </line>
    <line>
      <![CDATA[element located succesfully]]>
    </line>
    <line>
      <![CDATA[locating an element usin By.id: lstRtypeN]]>
    </line>
    <line>
      <![CDATA[element located succesfully]]>
    </line>
    <line>
      <![CDATA[locating an element usin By.xpath: .//option[normalize-space(.) = "E"]]]>
    </line>
    <line>
      <![CDATA[element located succesfully]]>
    </line>
    <line>
      <![CDATA[clicking on that element]]>
    </line>
    <line>
      <![CDATA[element clicked]]>
    </line>
    <line>
      <![CDATA[locating an element usin By.id: Btn_Reset]]>
    </line>
    <line>
      <![CDATA[element located succesfully]]>
    </line>
    <line>
      <![CDATA[clicking on that element]]>
    </line>
    <line>
      <![CDATA[element clicked]]>
    </line>
    <line>
      <![CDATA[locating an element usin By.id: txtRname]]>
    </line>
    <line>
      <![CDATA[element located succesfully]]>
    </line>
    <line>
      <![CDATA[locating an element usin By.xpath: //a[@href='Admin_Roles_details.aspx']]]>
    </line>
    <line>
      <![CDATA[element located succesfully]]>
    </line>
    <line>
      <![CDATA[clicking on that element]]>
    </line>
    <line>
      <![CDATA[element clicked]]>
    </line>
    <line>
      <![CDATA[locating an element usin By.id: btnRoles]]>
    </line>
    <line>
      <![CDATA[element located succesfully]]>
    </line>
    <line>
      <![CDATA[clicking on that element]]>
    </line>
    <line>
      <![CDATA[element clicked]]>
    </line>
    <line>
      <![CDATA[locating an element usin by id or name "Btn_cancel"]]>
    </line>
    <line>
      <![CDATA[element located succesfully]]>
    </line>
    <line>
      <![CDATA[clicking on that element]]>
    </line>
    <line>
      <![CDATA[element clicked]]>
    </line>
    <line>
      <![CDATA[locating an element usin By.id: btnRoles]]>
    </line>
    <line>
      <![CDATA[element located succesfully]]>
    </line>
    <line>
      <![CDATA[locating an element usin By.xpath: //a[@href='admin_banker_master.aspx']]]>
    </line>
    <line>
      <![CDATA[element located succesfully]]>
    </line>
    <line>
      <![CDATA[clicking on that element]]>
    </line>
    <line>
      <![CDATA[element clicked]]>
    </line>
    <line>
      <![CDATA[locating an element usin By.id: BtnNewBR]]>
    </line>
    <line>
      <![CDATA[element located succesfully]]>
    </line>
    <line>
      <![CDATA[clicking on that element]]>
    </line>
    <line>
      <![CDATA[element clicked]]>
    </line>
    <line>
      <![CDATA[locating an element usin By.xpath:  //input[@id='txtbName']]]>
    </line>
    <line>
      <![CDATA[element located succesfully]]>
    </line>
    <line>
      <![CDATA[changing element value]]>
    </line>
    <line>
      <![CDATA[element value changed toelectronics]]>
    </line>
    <line>
      <![CDATA[locating an element usin By.id: txtAdd1]]>
    </line>
    <line>
      <![CDATA[element located succesfully]]>
    </line>
    <line>
      <![CDATA[changing element value]]>
    </line>
    <line>
      <![CDATA[element value changed to7-81-78 hyderabad]]>
    </line>
    <line>
      <![CDATA[locating an element usin By.id: Txtadd2]]>
    </line>
    <line>
      <![CDATA[element located succesfully]]>
    </line>
    <line>
      <![CDATA[changing element value]]>
    </line>
    <line>
      <![CDATA[element value changed toH-no 41-58-95 hyderabad]]>
    </line>
    <line>
      <![CDATA[locating an element usin By.id: txtadd3]]>
    </line>
    <line>
      <![CDATA[element located succesfully]]>
    </line>
    <line>
      <![CDATA[changing element value]]>
    </line>
    <line>
      <![CDATA[element value changed toh no:54-698  secendrabad]]>
    </line>
    <line>
      <![CDATA[locating an element usin By.id: txtArea]]>
    </line>
    <line>
      <![CDATA[element located succesfully]]>
    </line>
    <line>
      <![CDATA[changing element value]]>
    </line>
    <line>
      <![CDATA[element value changed tohyb]]>
    </line>
    <line>
      <![CDATA[locating an element usin By.id: txtZip]]>
    </line>
    <line>
      <![CDATA[element located succesfully]]>
    </line>
    <line>
      <![CDATA[changing element value]]>
    </line>
    <line>
      <![CDATA[element value changed to50203]]>
    </line>
    <line>
      <![CDATA[locating an element usin By.id: lst_counrtyU]]>
    </line>
    <line>
      <![CDATA[element located succesfully]]>
    </line>
    <line>
      <![CDATA[locating an element usin By.id: lst_counrtyU]]>
    </line>
    <line>
      <![CDATA[element located succesfully]]>
    </line>
    <line>
      <![CDATA[locating an element usin By.id: lst_counrtyU]]>
    </line>
    <line>
      <![CDATA[element located succesfully]]>
    </line>
    <line>
      <![CDATA[locating an element usin By.xpath: .//option[normalize-space(.) = "INDIA"]]]>
    </line>
    <line>
      <![CDATA[element located succesfully]]>
    </line>
    <line>
      <![CDATA[clicking on that element]]>
    </line>
    <line>
      <![CDATA[element clicked]]>
    </line>
    <line>
      <![CDATA[locating an element usin By.id: lst_stateI]]>
    </line>
    <line>
      <![CDATA[element located succesfully]]>
    </line>
    <line>
      <![CDATA[locating an element usin By.id: lst_stateI]]>
    </line>
    <line>
      <![CDATA[element located succesfully]]>
    </line>
    <line>
      <![CDATA[locating an element usin By.id: lst_stateI]]>
    </line>
    <line>
      <![CDATA[element located succesfully]]>
    </line>
    <line>
      <![CDATA[locating an element usin By.xpath: .//option[normalize-space(.) = "GOA"]]]>
    </line>
    <line>
      <![CDATA[element located succesfully]]>
    </line>
    <line>
      <![CDATA[clicking on that element]]>
    </line>
    <line>
      <![CDATA[element clicked]]>
    </line>
    <line>
      <![CDATA[locating an element usin By.id: lst_cityI]]>
    </line>
    <line>
      <![CDATA[element located succesfully]]>
    </line>
    <line>
      <![CDATA[locating an element usin By.id: lst_cityI]]>
    </line>
    <line>
      <![CDATA[element located succesfully]]>
    </line>
    <line>
      <![CDATA[locating an element usin By.id: lst_cityI]]>
    </line>
    <line>
      <![CDATA[element located succesfully]]>
    </line>
    <line>
      <![CDATA[locating an element usin By.xpath: .//option[normalize-space(.) = "GOA"]]]>
    </line>
    <line>
      <![CDATA[element located succesfully]]>
    </line>
    <line>
      <![CDATA[clicking on that element]]>
    </line>
    <line>
      <![CDATA[element clicked]]>
    </line>
    <line>
      <![CDATA[locating an element usin By.id: Btn_Reset]]>
    </line>
    <line>
      <![CDATA[element located succesfully]]>
    </line>
    <line>
      <![CDATA[clicking on that element]]>
    </line>
    <line>
      <![CDATA[element clicked]]>
    </line>
    <line>
      <![CDATA[locating an element usin By.xpath: //a[@href='admin_banker_master.aspx']]]>
    </line>
    <line>
      <![CDATA[element located succesfully]]>
    </line>
    <line>
      <![CDATA[clicking on that element]]>
    </line>
    <line>
      <![CDATA[element clicked]]>
    </line>
    <line>
      <![CDATA[locating an element usin By.id: BtnNewBR]]>
    </line>
    <line>
      <![CDATA[element located succesfully]]>
    </line>
    <line>
      <![CDATA[clicking on that element]]>
    </line>
    <line>
      <![CDATA[element clicked]]>
    </line>
    <line>
      <![CDATA[locating an element usin By.id: Btn_cancel]]>
    </line>
    <line>
      <![CDATA[element located succesfully]]>
    </line>
    <line>
      <![CDATA[clicking on that element]]>
    </line>
    <line>
      <![CDATA[element clicked]]>
    </line>
    <line>
      <![CDATA[locating an element usin By.xpath: //a[@href='Admin_Emp_details.aspx']]]>
    </line>
    <line>
      <![CDATA[element located succesfully]]>
    </line>
    <line>
      <![CDATA[clicking on that element]]>
    </line>
    <line>
      <![CDATA[element clicked]]>
    </line>
    <line>
      <![CDATA[locating an element usin By.id: BtnNew]]>
    </line>
    <line>
      <![CDATA[element located succesfully]]>
    </line>
    <line>
      <![CDATA[clicking on that element]]>
    </line>
    <line>
      <![CDATA[element clicked]]>
    </line>
    <line>
      <![CDATA[locating an element usin By.id: txtUname]]>
    </line>
    <line>
      <![CDATA[element located succesfully]]>
    </line>
    <line>
      <![CDATA[changing element value]]>
    </line>
    <line>
      <![CDATA[element value changed tosecuremaster]]>
    </line>
    <line>
      <![CDATA[locating an element usin By.id: txtLpwd]]>
    </line>
    <line>
      <![CDATA[element located succesfully]]>
    </line>
    <line>
      <![CDATA[changing element value]]>
    </line>
    <line>
      <![CDATA[element value changed tosecure]]>
    </line>
    <line>
      <![CDATA[locating an element usin By.id: lst_Roles]]>
    </line>
    <line>
      <![CDATA[element located succesfully]]>
    </line>
    <line>
      <![CDATA[locating an element usin By.id: lst_Roles]]>
    </line>
    <line>
      <![CDATA[element located succesfully]]>
    </line>
    <line>
      <![CDATA[locating an element usin By.id: lst_Roles]]>
    </line>
    <line>
      <![CDATA[element located succesfully]]>
    </line>
    <line>
      <![CDATA[locating an element usin By.xpath: .//option[normalize-space(.) = "manager"]]]>
    </line>
    <line>
      <![CDATA[element located succesfully]]>
    </line>
    <line>
      <![CDATA[clicking on that element]]>
    </line>
    <line>
      <![CDATA[element clicked]]>
    </line>
    <line>
      <![CDATA[locating an element usin By.id: lst_Branch]]>
    </line>
    <line>
      <![CDATA[element located succesfully]]>
    </line>
    <line>
      <![CDATA[locating an element usin By.id: lst_Branch]]>
    </line>
    <line>
      <![CDATA[element located succesfully]]>
    </line>
    <line>
      <![CDATA[locating an element usin By.id: lst_Branch]]>
    </line>
    <line>
      <![CDATA[element located succesfully]]>
    </line>
    <line>
      <![CDATA[locating an element usin By.xpath: .//option[normalize-space(.) = "@"]]]>
    </line>
    <line>
      <![CDATA[element located succesfully]]>
    </line>
    <line>
      <![CDATA[clicking on that element]]>
    </line>
    <line>
      <![CDATA[element clicked]]>
    </line>
    <line>
      <![CDATA[locating an element usin By.id: btnreset]]>
    </line>
    <line>
      <![CDATA[element located succesfully]]>
    </line>
    <line>
      <![CDATA[clicking on that element]]>
    </line>
    <line>
      <![CDATA[element clicked]]>
    </line>
    <line>
      <![CDATA[locating an element usin By.xpath: //a[@href='Admin_Emp_details.aspx']]]>
    </line>
    <line>
      <![CDATA[element located succesfully]]>
    </line>
    <line>
      <![CDATA[clicking on that element]]>
    </line>
    <line>
      <![CDATA[element clicked]]>
    </line>
    <line>
      <![CDATA[locating an element usin By.id: BtnNew]]>
    </line>
    <line>
      <![CDATA[element located succesfully]]>
    </line>
    <line>
      <![CDATA[clicking on that element]]>
    </line>
    <line>
      <![CDATA[element clicked]]>
    </line>
    <line>
      <![CDATA[locating an element usin By.id: btnCancel]]>
    </line>
    <line>
      <![CDATA[element located succesfully]]>
    </line>
    <line>
      <![CDATA[clicking on that element]]>
    </line>
    <line>
      <![CDATA[element clicked]]>
    </line>
    <line>
      <![CDATA[locating an element usin By.xpath: //a[@href='home.aspx']]]>
    </line>
    <line>
      <![CDATA[element located succesfully]]>
    </line>
    <line>
      <![CDATA[clicking on that element]]>
    </line>
    <line>
      <![CDATA[element clicked]]>
    </line>
  </reporter-output>
  <suite name="parameter suite" duration-ms="55279" started-at="2019-03-11T12:04:08Z" finished-at="2019-03-11T12:05:03Z">
    <groups>
      <group name="cancel">
        <method signature="TestExecution.creationCancel()[pri:13, instance:in.srssprojects.keximbank.ParameterExecution@5c3bd550]" name="creationCancel" class="in.srssprojects.keximbank.TestExecution"/>
        <method signature="TestExecution.employeecancelData()[pri:18, instance:in.srssprojects.keximbank.ParameterExecution@5c3bd550]" name="employeecancelData" class="in.srssprojects.keximbank.TestExecution"/>
        <method signature="TestExecution.loginTest()[pri:1, instance:in.srssprojects.keximbank.ParameterExecution@5c3bd550]" name="loginTest" class="in.srssprojects.keximbank.TestExecution"/>
        <method signature="TestExecution.roleCreationCancel()[pri:6, instance:in.srssprojects.keximbank.ParameterExecution@5c3bd550]" name="roleCreationCancel" class="in.srssprojects.keximbank.TestExecution"/>
      </group> <!-- cancel -->
      <group name="valid">
        <method signature="TestExecution.creationCancel()[pri:13, instance:in.srssprojects.keximbank.ParameterExecution@5c3bd550]" name="creationCancel" class="in.srssprojects.keximbank.TestExecution"/>
        <method signature="TestExecution.employeeResetData()[pri:17, instance:in.srssprojects.keximbank.ParameterExecution@5c3bd550]" name="employeeResetData" class="in.srssprojects.keximbank.TestExecution"/>
        <method signature="TestExecution.employeecancelData()[pri:18, instance:in.srssprojects.keximbank.ParameterExecution@5c3bd550]" name="employeecancelData" class="in.srssprojects.keximbank.TestExecution"/>
        <method signature="TestExecution.loginTest()[pri:1, instance:in.srssprojects.keximbank.ParameterExecution@5c3bd550]" name="loginTest" class="in.srssprojects.keximbank.TestExecution"/>
        <method signature="TestExecution.resetData()[pri:12, instance:in.srssprojects.keximbank.ParameterExecution@5c3bd550]" name="resetData" class="in.srssprojects.keximbank.TestExecution"/>
        <method signature="TestExecution.roleCreationCancel()[pri:6, instance:in.srssprojects.keximbank.ParameterExecution@5c3bd550]" name="roleCreationCancel" class="in.srssprojects.keximbank.TestExecution"/>
        <method signature="TestExecution.roleCreationReset()[pri:5, instance:in.srssprojects.keximbank.ParameterExecution@5c3bd550]" name="roleCreationReset" class="in.srssprojects.keximbank.TestExecution"/>
      </group> <!-- valid -->
      <group name="datadriven">
        <method signature="TestExecution.loginTest()[pri:1, instance:in.srssprojects.keximbank.ParameterExecution@5c3bd550]" name="loginTest" class="in.srssprojects.keximbank.TestExecution"/>
      </group> <!-- datadriven -->
      <group name="role">
        <method signature="TestExecution.loginTest()[pri:1, instance:in.srssprojects.keximbank.ParameterExecution@5c3bd550]" name="loginTest" class="in.srssprojects.keximbank.TestExecution"/>
        <method signature="TestExecution.roleCreationCancel()[pri:6, instance:in.srssprojects.keximbank.ParameterExecution@5c3bd550]" name="roleCreationCancel" class="in.srssprojects.keximbank.TestExecution"/>
        <method signature="TestExecution.roleCreationReset()[pri:5, instance:in.srssprojects.keximbank.ParameterExecution@5c3bd550]" name="roleCreationReset" class="in.srssprojects.keximbank.TestExecution"/>
      </group> <!-- role -->
      <group name="invalid">
        <method signature="TestExecution.loginTest()[pri:1, instance:in.srssprojects.keximbank.ParameterExecution@5c3bd550]" name="loginTest" class="in.srssprojects.keximbank.TestExecution"/>
      </group> <!-- invalid -->
      <group name="reset">
        <method signature="TestExecution.employeeResetData()[pri:17, instance:in.srssprojects.keximbank.ParameterExecution@5c3bd550]" name="employeeResetData" class="in.srssprojects.keximbank.TestExecution"/>
        <method signature="TestExecution.loginTest()[pri:1, instance:in.srssprojects.keximbank.ParameterExecution@5c3bd550]" name="loginTest" class="in.srssprojects.keximbank.TestExecution"/>
        <method signature="TestExecution.resetData()[pri:12, instance:in.srssprojects.keximbank.ParameterExecution@5c3bd550]" name="resetData" class="in.srssprojects.keximbank.TestExecution"/>
        <method signature="TestExecution.roleCreationReset()[pri:5, instance:in.srssprojects.keximbank.ParameterExecution@5c3bd550]" name="roleCreationReset" class="in.srssprojects.keximbank.TestExecution"/>
      </group> <!-- reset -->
      <group name="create">
        <method signature="TestExecution.loginTest()[pri:1, instance:in.srssprojects.keximbank.ParameterExecution@5c3bd550]" name="loginTest" class="in.srssprojects.keximbank.TestExecution"/>
      </group> <!-- create -->
      <group name="employee">
        <method signature="TestExecution.employeeResetData()[pri:17, instance:in.srssprojects.keximbank.ParameterExecution@5c3bd550]" name="employeeResetData" class="in.srssprojects.keximbank.TestExecution"/>
        <method signature="TestExecution.employeecancelData()[pri:18, instance:in.srssprojects.keximbank.ParameterExecution@5c3bd550]" name="employeecancelData" class="in.srssprojects.keximbank.TestExecution"/>
        <method signature="TestExecution.loginTest()[pri:1, instance:in.srssprojects.keximbank.ParameterExecution@5c3bd550]" name="loginTest" class="in.srssprojects.keximbank.TestExecution"/>
      </group> <!-- employee -->
      <group name="branch">
        <method signature="TestExecution.creationCancel()[pri:13, instance:in.srssprojects.keximbank.ParameterExecution@5c3bd550]" name="creationCancel" class="in.srssprojects.keximbank.TestExecution"/>
        <method signature="TestExecution.loginTest()[pri:1, instance:in.srssprojects.keximbank.ParameterExecution@5c3bd550]" name="loginTest" class="in.srssprojects.keximbank.TestExecution"/>
        <method signature="TestExecution.resetData()[pri:12, instance:in.srssprojects.keximbank.ParameterExecution@5c3bd550]" name="resetData" class="in.srssprojects.keximbank.TestExecution"/>
      </group> <!-- branch -->
    </groups>
    <test name="parameter test" duration-ms="55279" started-at="2019-03-11T12:04:08Z" finished-at="2019-03-11T12:05:03Z">
      <class name="in.srssprojects.keximbank.ParameterExecution">
        <test-method status="PASS" signature="browserLaunch(java.lang.String, java.lang.String)[pri:0, instance:in.srssprojects.keximbank.ParameterExecution@5c3bd550]" name="browserLaunch" is-config="true" duration-ms="10376" started-at="2019-03-11T12:04:08Z" finished-at="2019-03-11T12:04:18Z">
          <params>
            <param index="0">
              <value>
                <![CDATA[http://www.srssprojects.in]]>
              </value>
            </param>
            <param index="1">
              <value>
                <![CDATA[chrome]]>
              </value>
            </param>
          </params>
          <reporter-output>
          </reporter-output>
        </test-method> <!-- browserLaunch -->
        <test-method status="PASS" signature="loginTest()[pri:1, instance:in.srssprojects.keximbank.ParameterExecution@5c3bd550]" name="loginTest" duration-ms="3715" started-at="2019-03-11T12:04:18Z" finished-at="2019-03-11T12:04:22Z">
          <reporter-output>
            <line>
              <![CDATA[locating an element usin By.id: txtuId]]>
            </line>
            <line>
              <![CDATA[element located succesfully]]>
            </line>
            <line>
              <![CDATA[changing element value]]>
            </line>
            <line>
              <![CDATA[element value changed toAdmin]]>
            </line>
            <line>
              <![CDATA[locating an element usin By.id: txtPword]]>
            </line>
            <line>
              <![CDATA[element located succesfully]]>
            </line>
            <line>
              <![CDATA[changing element value]]>
            </line>
            <line>
              <![CDATA[element value changed toAdmin]]>
            </line>
            <line>
              <![CDATA[locating an element usin By.id: login]]>
            </line>
            <line>
              <![CDATA[element located succesfully]]>
            </line>
            <line>
              <![CDATA[clicking on that element]]>
            </line>
            <line>
              <![CDATA[element clicked]]>
            </line>
            <line>
              <![CDATA[locating an element usin By.xpath: //a[@href='home.aspx']]]>
            </line>
            <line>
              <![CDATA[element located succesfully]]>
            </line>
          </reporter-output>
        </test-method> <!-- loginTest -->
        <test-method status="PASS" signature="roleCreationReset()[pri:5, instance:in.srssprojects.keximbank.ParameterExecution@5c3bd550]" name="roleCreationReset" duration-ms="3957" started-at="2019-03-11T12:04:22Z" finished-at="2019-03-11T12:04:26Z">
          <reporter-output>
            <line>
              <![CDATA[locating an element usin By.xpath: //a[@href='Admin_Roles_details.aspx']]]>
            </line>
            <line>
              <![CDATA[element located succesfully]]>
            </line>
            <line>
              <![CDATA[clicking on that element]]>
            </line>
            <line>
              <![CDATA[element clicked]]>
            </line>
            <line>
              <![CDATA[locating an element usin By.id: btnRoles]]>
            </line>
            <line>
              <![CDATA[element located succesfully]]>
            </line>
            <line>
              <![CDATA[clicking on that element]]>
            </line>
            <line>
              <![CDATA[element clicked]]>
            </line>
            <line>
              <![CDATA[locating an element usin By.id: txtRname]]>
            </line>
            <line>
              <![CDATA[element located succesfully]]>
            </line>
            <line>
              <![CDATA[changing element value]]>
            </line>
            <line>
              <![CDATA[element value changed tomangerEleven]]>
            </line>
            <line>
              <![CDATA[locating an element usin By.id: txtRDesc]]>
            </line>
            <line>
              <![CDATA[element located succesfully]]>
            </line>
            <line>
              <![CDATA[changing element value]]>
            </line>
            <line>
              <![CDATA[element value changed toeleventh manager]]>
            </line>
            <line>
              <![CDATA[locating an element usin By.id: lstRtypeN]]>
            </line>
            <line>
              <![CDATA[element located succesfully]]>
            </line>
            <line>
              <![CDATA[locating an element usin By.id: lstRtypeN]]>
            </line>
            <line>
              <![CDATA[element located succesfully]]>
            </line>
            <line>
              <![CDATA[locating an element usin By.id: lstRtypeN]]>
            </line>
            <line>
              <![CDATA[element located succesfully]]>
            </line>
            <line>
              <![CDATA[locating an element usin By.xpath: .//option[normalize-space(.) = "E"]]]>
            </line>
            <line>
              <![CDATA[element located succesfully]]>
            </line>
            <line>
              <![CDATA[clicking on that element]]>
            </line>
            <line>
              <![CDATA[element clicked]]>
            </line>
            <line>
              <![CDATA[locating an element usin By.id: Btn_Reset]]>
            </line>
            <line>
              <![CDATA[element located succesfully]]>
            </line>
            <line>
              <![CDATA[clicking on that element]]>
            </line>
            <line>
              <![CDATA[element clicked]]>
            </line>
            <line>
              <![CDATA[locating an element usin By.id: txtRname]]>
            </line>
            <line>
              <![CDATA[element located succesfully]]>
            </line>
          </reporter-output>
        </test-method> <!-- roleCreationReset -->
        <test-method status="PASS" signature="roleCreationCancel()[pri:6, instance:in.srssprojects.keximbank.ParameterExecution@5c3bd550]" name="roleCreationCancel" duration-ms="2533" started-at="2019-03-11T12:04:26Z" finished-at="2019-03-11T12:04:29Z">
          <reporter-output>
            <line>
              <![CDATA[locating an element usin By.xpath: //a[@href='Admin_Roles_details.aspx']]]>
            </line>
            <line>
              <![CDATA[element located succesfully]]>
            </line>
            <line>
              <![CDATA[clicking on that element]]>
            </line>
            <line>
              <![CDATA[element clicked]]>
            </line>
            <line>
              <![CDATA[locating an element usin By.id: btnRoles]]>
            </line>
            <line>
              <![CDATA[element located succesfully]]>
            </line>
            <line>
              <![CDATA[clicking on that element]]>
            </line>
            <line>
              <![CDATA[element clicked]]>
            </line>
            <line>
              <![CDATA[locating an element usin by id or name "Btn_cancel"]]>
            </line>
            <line>
              <![CDATA[element located succesfully]]>
            </line>
            <line>
              <![CDATA[clicking on that element]]>
            </line>
            <line>
              <![CDATA[element clicked]]>
            </line>
            <line>
              <![CDATA[locating an element usin By.id: btnRoles]]>
            </line>
            <line>
              <![CDATA[element located succesfully]]>
            </line>
          </reporter-output>
        </test-method> <!-- roleCreationCancel -->
        <test-method status="PASS" signature="resetData()[pri:12, instance:in.srssprojects.keximbank.ParameterExecution@5c3bd550]" name="resetData" duration-ms="6292" started-at="2019-03-11T12:04:29Z" finished-at="2019-03-11T12:04:35Z">
          <reporter-output>
            <line>
              <![CDATA[locating an element usin By.xpath: //a[@href='admin_banker_master.aspx']]]>
            </line>
            <line>
              <![CDATA[element located succesfully]]>
            </line>
            <line>
              <![CDATA[clicking on that element]]>
            </line>
            <line>
              <![CDATA[element clicked]]>
            </line>
            <line>
              <![CDATA[locating an element usin By.id: BtnNewBR]]>
            </line>
            <line>
              <![CDATA[element located succesfully]]>
            </line>
            <line>
              <![CDATA[clicking on that element]]>
            </line>
            <line>
              <![CDATA[element clicked]]>
            </line>
            <line>
              <![CDATA[locating an element usin By.xpath:  //input[@id='txtbName']]]>
            </line>
            <line>
              <![CDATA[element located succesfully]]>
            </line>
            <line>
              <![CDATA[changing element value]]>
            </line>
            <line>
              <![CDATA[element value changed toelectronics]]>
            </line>
            <line>
              <![CDATA[locating an element usin By.id: txtAdd1]]>
            </line>
            <line>
              <![CDATA[element located succesfully]]>
            </line>
            <line>
              <![CDATA[changing element value]]>
            </line>
            <line>
              <![CDATA[element value changed to7-81-78 hyderabad]]>
            </line>
            <line>
              <![CDATA[locating an element usin By.id: Txtadd2]]>
            </line>
            <line>
              <![CDATA[element located succesfully]]>
            </line>
            <line>
              <![CDATA[changing element value]]>
            </line>
            <line>
              <![CDATA[element value changed toH-no 41-58-95 hyderabad]]>
            </line>
            <line>
              <![CDATA[locating an element usin By.id: txtadd3]]>
            </line>
            <line>
              <![CDATA[element located succesfully]]>
            </line>
            <line>
              <![CDATA[changing element value]]>
            </line>
            <line>
              <![CDATA[element value changed toh no:54-698  secendrabad]]>
            </line>
            <line>
              <![CDATA[locating an element usin By.id: txtArea]]>
            </line>
            <line>
              <![CDATA[element located succesfully]]>
            </line>
            <line>
              <![CDATA[changing element value]]>
            </line>
            <line>
              <![CDATA[element value changed tohyb]]>
            </line>
            <line>
              <![CDATA[locating an element usin By.id: txtZip]]>
            </line>
            <line>
              <![CDATA[element located succesfully]]>
            </line>
            <line>
              <![CDATA[changing element value]]>
            </line>
            <line>
              <![CDATA[element value changed to50203]]>
            </line>
            <line>
              <![CDATA[locating an element usin By.id: lst_counrtyU]]>
            </line>
            <line>
              <![CDATA[element located succesfully]]>
            </line>
            <line>
              <![CDATA[locating an element usin By.id: lst_counrtyU]]>
            </line>
            <line>
              <![CDATA[element located succesfully]]>
            </line>
            <line>
              <![CDATA[locating an element usin By.id: lst_counrtyU]]>
            </line>
            <line>
              <![CDATA[element located succesfully]]>
            </line>
            <line>
              <![CDATA[locating an element usin By.xpath: .//option[normalize-space(.) = "INDIA"]]]>
            </line>
            <line>
              <![CDATA[element located succesfully]]>
            </line>
            <line>
              <![CDATA[clicking on that element]]>
            </line>
            <line>
              <![CDATA[element clicked]]>
            </line>
            <line>
              <![CDATA[locating an element usin By.id: lst_stateI]]>
            </line>
            <line>
              <![CDATA[element located succesfully]]>
            </line>
            <line>
              <![CDATA[locating an element usin By.id: lst_stateI]]>
            </line>
            <line>
              <![CDATA[element located succesfully]]>
            </line>
            <line>
              <![CDATA[locating an element usin By.id: lst_stateI]]>
            </line>
            <line>
              <![CDATA[element located succesfully]]>
            </line>
            <line>
              <![CDATA[locating an element usin By.xpath: .//option[normalize-space(.) = "GOA"]]]>
            </line>
            <line>
              <![CDATA[element located succesfully]]>
            </line>
            <line>
              <![CDATA[clicking on that element]]>
            </line>
            <line>
              <![CDATA[element clicked]]>
            </line>
            <line>
              <![CDATA[locating an element usin By.id: lst_cityI]]>
            </line>
            <line>
              <![CDATA[element located succesfully]]>
            </line>
            <line>
              <![CDATA[locating an element usin By.id: lst_cityI]]>
            </line>
            <line>
              <![CDATA[element located succesfully]]>
            </line>
            <line>
              <![CDATA[locating an element usin By.id: lst_cityI]]>
            </line>
            <line>
              <![CDATA[element located succesfully]]>
            </line>
            <line>
              <![CDATA[locating an element usin By.xpath: .//option[normalize-space(.) = "GOA"]]]>
            </line>
            <line>
              <![CDATA[element located succesfully]]>
            </line>
            <line>
              <![CDATA[clicking on that element]]>
            </line>
            <line>
              <![CDATA[element clicked]]>
            </line>
            <line>
              <![CDATA[locating an element usin By.id: Btn_Reset]]>
            </line>
            <line>
              <![CDATA[element located succesfully]]>
            </line>
            <line>
              <![CDATA[clicking on that element]]>
            </line>
            <line>
              <![CDATA[element clicked]]>
            </line>
          </reporter-output>
        </test-method> <!-- resetData -->
        <test-method status="PASS" signature="creationCancel()[pri:13, instance:in.srssprojects.keximbank.ParameterExecution@5c3bd550]" name="creationCancel" duration-ms="1743" started-at="2019-03-11T12:04:35Z" finished-at="2019-03-11T12:04:37Z">
          <reporter-output>
            <line>
              <![CDATA[locating an element usin By.xpath: //a[@href='admin_banker_master.aspx']]]>
            </line>
            <line>
              <![CDATA[element located succesfully]]>
            </line>
            <line>
              <![CDATA[clicking on that element]]>
            </line>
            <line>
              <![CDATA[element clicked]]>
            </line>
            <line>
              <![CDATA[locating an element usin By.id: BtnNewBR]]>
            </line>
            <line>
              <![CDATA[element located succesfully]]>
            </line>
            <line>
              <![CDATA[clicking on that element]]>
            </line>
            <line>
              <![CDATA[element clicked]]>
            </line>
            <line>
              <![CDATA[locating an element usin By.id: Btn_cancel]]>
            </line>
            <line>
              <![CDATA[element located succesfully]]>
            </line>
            <line>
              <![CDATA[clicking on that element]]>
            </line>
            <line>
              <![CDATA[element clicked]]>
            </line>
          </reporter-output>
        </test-method> <!-- creationCancel -->
        <test-method status="PASS" signature="employeeResetData()[pri:17, instance:in.srssprojects.keximbank.ParameterExecution@5c3bd550]" name="employeeResetData" duration-ms="10871" started-at="2019-03-11T12:04:37Z" finished-at="2019-03-11T12:04:48Z">
          <reporter-output>
            <line>
              <![CDATA[locating an element usin By.xpath: //a[@href='Admin_Emp_details.aspx']]]>
            </line>
            <line>
              <![CDATA[element located succesfully]]>
            </line>
            <line>
              <![CDATA[clicking on that element]]>
            </line>
            <line>
              <![CDATA[element clicked]]>
            </line>
            <line>
              <![CDATA[locating an element usin By.id: BtnNew]]>
            </line>
            <line>
              <![CDATA[element located succesfully]]>
            </line>
            <line>
              <![CDATA[clicking on that element]]>
            </line>
            <line>
              <![CDATA[element clicked]]>
            </line>
            <line>
              <![CDATA[locating an element usin By.id: txtUname]]>
            </line>
            <line>
              <![CDATA[element located succesfully]]>
            </line>
            <line>
              <![CDATA[changing element value]]>
            </line>
            <line>
              <![CDATA[element value changed tosecuremaster]]>
            </line>
            <line>
              <![CDATA[locating an element usin By.id: txtLpwd]]>
            </line>
            <line>
              <![CDATA[element located succesfully]]>
            </line>
            <line>
              <![CDATA[changing element value]]>
            </line>
            <line>
              <![CDATA[element value changed tosecure]]>
            </line>
            <line>
              <![CDATA[locating an element usin By.id: lst_Roles]]>
            </line>
            <line>
              <![CDATA[element located succesfully]]>
            </line>
            <line>
              <![CDATA[locating an element usin By.id: lst_Roles]]>
            </line>
            <line>
              <![CDATA[element located succesfully]]>
            </line>
            <line>
              <![CDATA[locating an element usin By.id: lst_Roles]]>
            </line>
            <line>
              <![CDATA[element located succesfully]]>
            </line>
            <line>
              <![CDATA[locating an element usin By.xpath: .//option[normalize-space(.) = "manager"]]]>
            </line>
            <line>
              <![CDATA[element located succesfully]]>
            </line>
            <line>
              <![CDATA[clicking on that element]]>
            </line>
            <line>
              <![CDATA[element clicked]]>
            </line>
            <line>
              <![CDATA[locating an element usin By.id: lst_Branch]]>
            </line>
            <line>
              <![CDATA[element located succesfully]]>
            </line>
            <line>
              <![CDATA[locating an element usin By.id: lst_Branch]]>
            </line>
            <line>
              <![CDATA[element located succesfully]]>
            </line>
            <line>
              <![CDATA[locating an element usin By.id: lst_Branch]]>
            </line>
            <line>
              <![CDATA[element located succesfully]]>
            </line>
            <line>
              <![CDATA[locating an element usin By.xpath: .//option[normalize-space(.) = "@"]]]>
            </line>
            <line>
              <![CDATA[element located succesfully]]>
            </line>
            <line>
              <![CDATA[clicking on that element]]>
            </line>
            <line>
              <![CDATA[element clicked]]>
            </line>
            <line>
              <![CDATA[locating an element usin By.id: btnreset]]>
            </line>
            <line>
              <![CDATA[element located succesfully]]>
            </line>
            <line>
              <![CDATA[clicking on that element]]>
            </line>
            <line>
              <![CDATA[element clicked]]>
            </line>
          </reporter-output>
        </test-method> <!-- employeeResetData -->
        <test-method status="PASS" signature="employeecancelData()[pri:18, instance:in.srssprojects.keximbank.ParameterExecution@5c3bd550]" name="employeecancelData" duration-ms="11817" started-at="2019-03-11T12:04:48Z" finished-at="2019-03-11T12:04:59Z">
          <reporter-output>
            <line>
              <![CDATA[locating an element usin By.xpath: //a[@href='Admin_Emp_details.aspx']]]>
            </line>
            <line>
              <![CDATA[element located succesfully]]>
            </line>
            <line>
              <![CDATA[clicking on that element]]>
            </line>
            <line>
              <![CDATA[element clicked]]>
            </line>
            <line>
              <![CDATA[locating an element usin By.id: BtnNew]]>
            </line>
            <line>
              <![CDATA[element located succesfully]]>
            </line>
            <line>
              <![CDATA[clicking on that element]]>
            </line>
            <line>
              <![CDATA[element clicked]]>
            </line>
            <line>
              <![CDATA[locating an element usin By.id: btnCancel]]>
            </line>
            <line>
              <![CDATA[element located succesfully]]>
            </line>
            <line>
              <![CDATA[clicking on that element]]>
            </line>
            <line>
              <![CDATA[element clicked]]>
            </line>
          </reporter-output>
        </test-method> <!-- employeecancelData -->
        <test-method status="PASS" signature="closeBrowser()[pri:0, instance:in.srssprojects.keximbank.ParameterExecution@5c3bd550]" name="closeBrowser" is-config="true" duration-ms="3914" started-at="2019-03-11T12:04:59Z" finished-at="2019-03-11T12:05:03Z">
          <reporter-output>
            <line>
              <![CDATA[locating an element usin By.xpath: //a[@href='home.aspx']]]>
            </line>
            <line>
              <![CDATA[element located succesfully]]>
            </line>
            <line>
              <![CDATA[clicking on that element]]>
            </line>
            <line>
              <![CDATA[element clicked]]>
            </line>
          </reporter-output>
        </test-method> <!-- closeBrowser -->
      </class> <!-- in.srssprojects.keximbank.ParameterExecution -->
    </test> <!-- parameter test -->
  </suite> <!-- parameter suite -->
</testng-results>
