<?xml version="1.0" encoding="UTF-8"?>
<!-- Generated by org.testng.reporters.JUnitXMLReporter -->
<testsuite hostname="SuryaPC" ignored="11" name="groups test" tests="7" failures="1" timestamp="12 Mar 2019 10:05:22 GMT" time="41.219" errors="0">
  <testcase name="loginTest" time="3.195" classname="in.srssprojects.keximbank.TestExecution"/>
  <testcase name="roleCreationReset" time="2.809" classname="in.srssprojects.keximbank.TestExecution"/>
  <testcase name="roleCreationCancel" time="1.298" classname="in.srssprojects.keximbank.TestExecution"/>
  <testcase name="resetData" time="6.468" classname="in.srssprojects.keximbank.TestExecution"/>
  <testcase name="creationCancel" time="1.817" classname="in.srssprojects.keximbank.TestExecution"/>
  <testcase name="employeeResetData" time="8.374" classname="in.srssprojects.keximbank.TestExecution">
    <failure type="java.lang.AssertionError" message="expected [true] but found [false]">
      <![CDATA[java.lang.AssertionError: expected [true] but found [false]
at in.srssprojects.keximbank.TestExecution.employeeResetData(TestExecution.java:237)
... Removed 29 stack frames]]>
    </failure>
  </testcase> <!-- employeeResetData -->
  <testcase name="employeecancelData" time="5.975" classname="in.srssprojects.keximbank.TestExecution"/>
  <testcase name="branchCreationValidData" time="0.0" classname="in.srssprojects.keximbank.TestExecution">
    <ignored/>
  </testcase> <!-- branchCreationValidData -->
  <testcase name="createRoleWithDuplicateData" time="0.0" classname="in.srssprojects.keximbank.TestExecution">
    <ignored/>
  </testcase> <!-- createRoleWithDuplicateData -->
  <testcase name="branchCreationDuplicateData" time="0.0" classname="in.srssprojects.keximbank.TestExecution">
    <ignored/>
  </testcase> <!-- branchCreationDuplicateData -->
  <testcase name="employeeDuplicateDAta" time="0.0" classname="in.srssprojects.keximbank.TestExecution">
    <ignored/>
  </testcase> <!-- employeeDuplicateDAta -->
  <testcase name="createRole" time="0.0" classname="in.srssprojects.keximbank.TestExecution">
    <ignored/>
  </testcase> <!-- createRole -->
  <testcase name="employeeBlankData" time="0.0" classname="in.srssprojects.keximbank.TestExecution">
    <ignored/>
  </testcase> <!-- employeeBlankData -->
  <testcase name="roleCreationWithDDusingDP" time="0.0" classname="in.srssprojects.keximbank.TestExecution">
    <ignored/>
  </testcase> <!-- roleCreationWithDDusingDP -->
  <testcase name="branchCreaitonBlankData" time="0.0" classname="in.srssprojects.keximbank.TestExecution">
    <ignored/>
  </testcase> <!-- branchCreaitonBlankData -->
  <testcase name="createRoleWithBlankData" time="0.0" classname="in.srssprojects.keximbank.TestExecution">
    <ignored/>
  </testcase> <!-- createRoleWithBlankData -->
  <testcase name="employeeValidData" time="0.0" classname="in.srssprojects.keximbank.TestExecution">
    <ignored/>
  </testcase> <!-- employeeValidData -->
  <testcase name="branchCreationDDWithoutDP" time="0.0" classname="in.srssprojects.keximbank.TestExecution">
    <ignored/>
  </testcase> <!-- branchCreationDDWithoutDP -->
</testsuite> <!-- groups test -->
